2019-07-30 14:32:57,073 [myid:] - INFO  [main:Environment@100] - Client environment:zookeeper.version=3.4.14-4c25d480e66aadd371de8bd2fd8da255ac140bcf, built on 03/06/2019 16:18 GMT
2019-07-30 14:32:57,076 [myid:] - INFO  [main:Environment@100] - Client environment:host.name=172.17.41.27
2019-07-30 14:32:57,076 [myid:] - INFO  [main:Environment@100] - Client environment:java.version=1.8.0_211
2019-07-30 14:32:57,078 [myid:] - INFO  [main:Environment@100] - Client environment:java.vendor=Oracle Corporation
2019-07-30 14:32:57,078 [myid:] - INFO  [main:Environment@100] - Client environment:java.home=C:\Program Files\Java\jre1.8.0_211
2019-07-30 14:32:57,078 [myid:] - INFO  [main:Environment@100] - Client environment:java.class.path=.;C:\temp\zookeeper-3.4.14\zookeeper-3.4.14.jar;C:\temp\zookeeper-3.4.14\lib\slf4j-log4j12-1.7.25.jar;C:\temp\zookeeper-3.4.14\lib\slf4j-api-1.7.25.jar;C:\temp\zookeeper-3.4.14\lib\log4j-1.2.17.jar
2019-07-30 14:32:57,079 [myid:] - INFO  [main:Environment@100] - Client environment:java.library.path=C:\Program Files (x86)\Common Files\Oracle\Java\javapath;C:\WINDOWS\Sun\Java\bin;C:\WINDOWS\system32;C:\WINDOWS;C:\Program Files (x86)\Common Files\Oracle\Java\javapath;C:\ProgramData\Oracle\Java\javapath;C:\Program Files (x86)\Intel\Intel(R) Management Engine Components\iCLS\;C:\Program Files\Intel\Intel(R) Management Engine Components\iCLS\;C:\WINDOWS\system32;C:\WINDOWS;C:\WINDOWS\System32\Wbem;C:\WINDOWS\System32\WindowsPowerShell\v1.0\;C:\Program Files (x86)\Intel\Intel(R) Management Engine Components\DAL;C:\Program Files\Intel\Intel(R) Management Engine Components\DAL;C:\Program Files (x86)\Intel\Intel(R) Management Engine Components\IPT;C:\Program Files\Intel\Intel(R) Management Engine Components\IPT;C:\Program Files\MiKTeX 2.9\miktex\bin\x64\;C:\Program Files\PuTTY\;C:\WINDOWS\System32\OpenSSH\;C:\Program Files\Java\jdk1.8.0_161\bin;C:\cygwin64\bin;;C:\Program Files (x86)\PDFtk\bin\;"C:\Users\Gustavo Pavani\AppData\Local\Microsoft\WindowsApps;C:\Program Files\Java\jdk1.8.0_161\bin;c:\cygwin64\bin";C:\Program Files (x86)\Nmap;C:\Users\Gustavo Pavani\AppData\Local\Microsoft\WindowsApps;;.
2019-07-30 14:32:57,080 [myid:] - INFO  [main:Environment@100] - Client environment:java.io.tmpdir=C:\Users\Gustavo Pavani\AppData\Local\Temp\
2019-07-30 14:32:57,081 [myid:] - INFO  [main:Environment@100] - Client environment:java.compiler=<NA>
2019-07-30 14:32:57,081 [myid:] - INFO  [main:Environment@100] - Client environment:os.name=Windows 10
2019-07-30 14:32:57,081 [myid:] - INFO  [main:Environment@100] - Client environment:os.arch=amd64
2019-07-30 14:32:57,082 [myid:] - INFO  [main:Environment@100] - Client environment:os.version=10.0
2019-07-30 14:32:57,082 [myid:] - INFO  [main:Environment@100] - Client environment:user.name=Gustavo Pavani
2019-07-30 14:32:57,083 [myid:] - INFO  [main:Environment@100] - Client environment:user.home=C:\Users\Gustavo Pavani
2019-07-30 14:32:57,084 [myid:] - INFO  [main:Environment@100] - Client environment:user.dir=C:\Users\Gustavo Pavani\Documents\Ensino\MCTA025\2Q19\Lab4\Codigos
2019-07-30 14:32:57,085 [myid:] - INFO  [main:ZooKeeper@442] - Initiating client connection, connectString=localhost sessionTimeout=3000 watcher=SyncPrimitive$Barrier@5910e440
2019-07-30 14:32:57,089 [myid:] - DEBUG [main:ClientCnxn@118] - zookeeper.disableAutoWatchReset is false
2019-07-30 14:32:57,579 [myid:] - DEBUG [main-SendThread(localhost:2181):SaslServerPrincipal@74] - Canonicalized address to localhost
2019-07-30 14:32:57,580 [myid:] - INFO  [main-SendThread(localhost:2181):ClientCnxn$SendThread@1025] - Opening socket connection to server localhost/127.0.0.1:2181. Will not attempt to authenticate using SASL (unknown error)
2019-07-30 14:32:57,581 [myid:] - INFO  [main-SendThread(localhost:2181):ClientCnxn$SendThread@879] - Socket connection established to localhost/127.0.0.1:2181, initiating session
2019-07-30 14:32:57,582 [myid:] - DEBUG [main-SendThread(localhost:2181):ClientCnxn$SendThread@952] - Session establishment request sent on localhost/127.0.0.1:2181
2019-07-30 14:32:57,607 [myid:] - INFO  [main-SendThread(localhost:2181):ClientCnxn$SendThread@1299] - Session establishment complete on server localhost/127.0.0.1:2181, sessionid = 0x100424339cd0000, negotiated timeout = 4000
2019-07-30 14:32:57,616 [myid:] - DEBUG [main-SendThread(localhost:2181):ClientCnxn$SendThread@846] - Reading reply sessionid:0x100424339cd0000, packet:: clientPath:null serverPath:null finished:false header:: 1,3  replyHeader:: 1,8,-101  request:: '/b1,F  response::  
2019-07-30 14:32:57,636 [myid:] - DEBUG [main-SendThread(localhost:2181):ClientCnxn$SendThread@846] - Reading reply sessionid:0x100424339cd0000, packet:: clientPath:null serverPath:null finished:false header:: 2,1  replyHeader:: 2,9,0  request:: '/b1,,v{s{31,s{'world,'anyone}}},0  response:: '/b1 
2019-07-30 14:32:57,650 [myid:] - DEBUG [main-SendThread(localhost:2181):ClientCnxn$SendThread@846] - Reading reply sessionid:0x100424339cd0000, packet:: clientPath:null serverPath:null finished:false header:: 3,1  replyHeader:: 3,10,0  request:: '/b1/172.17.41.27,,v{s{31,s{'world,'anyone}}},3  response:: '/b1/172.17.41.270000000000 
2019-07-30 14:32:57,657 [myid:] - DEBUG [main-SendThread(localhost:2181):ClientCnxn$SendThread@846] - Reading reply sessionid:0x100424339cd0000, packet:: clientPath:null serverPath:null finished:false header:: 4,8  replyHeader:: 4,10,0  request:: '/b1,T  response:: v{'172.17.41.270000000000} 
2019-07-30 14:32:58,993 [myid:] - DEBUG [main-SendThread(localhost:2181):ClientCnxn$SendThread@745] - Got ping response for sessionid: 0x100424339cd0000 after 0ms
2019-07-30 14:33:00,327 [myid:] - DEBUG [main-SendThread(localhost:2181):ClientCnxn$SendThread@745] - Got ping response for sessionid: 0x100424339cd0000 after 2ms
2019-07-30 14:33:01,661 [myid:] - DEBUG [main-SendThread(localhost:2181):ClientCnxn$SendThread@745] - Got ping response for sessionid: 0x100424339cd0000 after 2ms
2019-07-30 14:33:02,993 [myid:] - DEBUG [main-SendThread(localhost:2181):ClientCnxn$SendThread@745] - Got ping response for sessionid: 0x100424339cd0000 after 0ms
2019-07-30 14:33:04,178 [myid:] - INFO  [main:Environment@100] - Client environment:zookeeper.version=3.4.14-4c25d480e66aadd371de8bd2fd8da255ac140bcf, built on 03/06/2019 16:18 GMT
2019-07-30 14:33:04,181 [myid:] - INFO  [main:Environment@100] - Client environment:host.name=172.17.41.27
2019-07-30 14:33:04,181 [myid:] - INFO  [main:Environment@100] - Client environment:java.version=1.8.0_211
2019-07-30 14:33:04,182 [myid:] - INFO  [main:Environment@100] - Client environment:java.vendor=Oracle Corporation
2019-07-30 14:33:04,183 [myid:] - INFO  [main:Environment@100] - Client environment:java.home=C:\Program Files\Java\jre1.8.0_211
2019-07-30 14:33:04,183 [myid:] - INFO  [main:Environment@100] - Client environment:java.class.path=.;C:\temp\zookeeper-3.4.14\zookeeper-3.4.14.jar;C:\temp\zookeeper-3.4.14\lib\slf4j-log4j12-1.7.25.jar;C:\temp\zookeeper-3.4.14\lib\slf4j-api-1.7.25.jar;C:\temp\zookeeper-3.4.14\lib\log4j-1.2.17.jar
2019-07-30 14:33:04,183 [myid:] - INFO  [main:Environment@100] - Client environment:java.library.path=C:\Program Files (x86)\Common Files\Oracle\Java\javapath;C:\WINDOWS\Sun\Java\bin;C:\WINDOWS\system32;C:\WINDOWS;C:\Program Files (x86)\Common Files\Oracle\Java\javapath;C:\ProgramData\Oracle\Java\javapath;C:\Program Files (x86)\Intel\Intel(R) Management Engine Components\iCLS\;C:\Program Files\Intel\Intel(R) Management Engine Components\iCLS\;C:\WINDOWS\system32;C:\WINDOWS;C:\WINDOWS\System32\Wbem;C:\WINDOWS\System32\WindowsPowerShell\v1.0\;C:\Program Files (x86)\Intel\Intel(R) Management Engine Components\DAL;C:\Program Files\Intel\Intel(R) Management Engine Components\DAL;C:\Program Files (x86)\Intel\Intel(R) Management Engine Components\IPT;C:\Program Files\Intel\Intel(R) Management Engine Components\IPT;C:\Program Files\MiKTeX 2.9\miktex\bin\x64\;C:\Program Files\PuTTY\;C:\WINDOWS\System32\OpenSSH\;C:\Program Files\Java\jdk1.8.0_161\bin;C:\cygwin64\bin;;C:\Program Files (x86)\PDFtk\bin\;"C:\Users\Gustavo Pavani\AppData\Local\Microsoft\WindowsApps;C:\Program Files\Java\jdk1.8.0_161\bin;c:\cygwin64\bin";C:\Program Files (x86)\Nmap;C:\Users\Gustavo Pavani\AppData\Local\Microsoft\WindowsApps;;.
2019-07-30 14:33:04,184 [myid:] - INFO  [main:Environment@100] - Client environment:java.io.tmpdir=C:\Users\Gustavo Pavani\AppData\Local\Temp\
2019-07-30 14:33:04,184 [myid:] - INFO  [main:Environment@100] - Client environment:java.compiler=<NA>
2019-07-30 14:33:04,185 [myid:] - INFO  [main:Environment@100] - Client environment:os.name=Windows 10
2019-07-30 14:33:04,185 [myid:] - INFO  [main:Environment@100] - Client environment:os.arch=amd64
2019-07-30 14:33:04,186 [myid:] - INFO  [main:Environment@100] - Client environment:os.version=10.0
2019-07-30 14:33:04,186 [myid:] - INFO  [main:Environment@100] - Client environment:user.name=Gustavo Pavani
2019-07-30 14:33:04,187 [myid:] - INFO  [main:Environment@100] - Client environment:user.home=C:\Users\Gustavo Pavani
2019-07-30 14:33:04,187 [myid:] - INFO  [main:Environment@100] - Client environment:user.dir=C:\Users\Gustavo Pavani\Documents\Ensino\MCTA025\2Q19\Lab4\Codigos
2019-07-30 14:33:04,188 [myid:] - INFO  [main:ZooKeeper@442] - Initiating client connection, connectString=localhost sessionTimeout=3000 watcher=SyncPrimitive$Barrier@5910e440
2019-07-30 14:33:04,191 [myid:] - DEBUG [main:ClientCnxn@118] - zookeeper.disableAutoWatchReset is false
2019-07-30 14:33:04,317 [myid:] - DEBUG [main-SendThread(localhost:2181):SaslServerPrincipal@74] - Canonicalized address to localhost
2019-07-30 14:33:04,318 [myid:] - INFO  [main-SendThread(localhost:2181):ClientCnxn$SendThread@1025] - Opening socket connection to server localhost/0:0:0:0:0:0:0:1:2181. Will not attempt to authenticate using SASL (unknown error)
2019-07-30 14:33:04,319 [myid:] - INFO  [main-SendThread(localhost:2181):ClientCnxn$SendThread@879] - Socket connection established to localhost/0:0:0:0:0:0:0:1:2181, initiating session
2019-07-30 14:33:04,321 [myid:] - DEBUG [main-SendThread(localhost:2181):ClientCnxn$SendThread@952] - Session establishment request sent on localhost/0:0:0:0:0:0:0:1:2181
2019-07-30 14:33:04,363 [myid:] - DEBUG [main-SendThread(localhost:2181):ClientCnxn$SendThread@745] - Got ping response for sessionid: 0x100424339cd0000 after 37ms
2019-07-30 14:33:04,365 [myid:] - INFO  [main-SendThread(localhost:2181):ClientCnxn$SendThread@1299] - Session establishment complete on server localhost/0:0:0:0:0:0:0:1:2181, sessionid = 0x100424339cd0001, negotiated timeout = 4000
2019-07-30 14:33:04,382 [myid:] - DEBUG [main-SendThread(localhost:2181):ClientCnxn$SendThread@846] - Reading reply sessionid:0x100424339cd0001, packet:: clientPath:null serverPath:null finished:false header:: 1,3  replyHeader:: 1,11,0  request:: '/b1,F  response:: s{9,9,1564507977620,1564507977620,0,1,0,0,0,1,10} 
2019-07-30 14:33:04,415 [myid:] - DEBUG [main-SendThread(localhost:2181):ClientCnxn$SendThread@769] - Got notification sessionid:0x100424339cd0000
2019-07-30 14:33:04,416 [myid:] - DEBUG [main-SendThread(localhost:2181):ClientCnxn$SendThread@846] - Reading reply sessionid:0x100424339cd0001, packet:: clientPath:null serverPath:null finished:false header:: 2,1  replyHeader:: 2,12,0  request:: '/b1/172.17.41.27,,v{s{31,s{'world,'anyone}}},3  response:: '/b1/172.17.41.270000000001 
2019-07-30 14:33:04,416 [myid:] - DEBUG [main-SendThread(localhost:2181):ClientCnxn$SendThread@791] - Got WatchedEvent state:SyncConnected type:NodeChildrenChanged path:/b1 for sessionid 0x100424339cd0000
2019-07-30 14:33:04,418 [myid:] - DEBUG [main-SendThread(localhost:2181):ClientCnxn$SendThread@846] - Reading reply sessionid:0x100424339cd0000, packet:: clientPath:null serverPath:null finished:false header:: 5,8  replyHeader:: 5,12,0  request:: '/b1,T  response:: v{'172.17.41.270000000001,'172.17.41.270000000000} 
2019-07-30 14:33:04,420 [myid:] - DEBUG [main-SendThread(localhost:2181):ClientCnxn$SendThread@846] - Reading reply sessionid:0x100424339cd0001, packet:: clientPath:null serverPath:null finished:false header:: 3,8  replyHeader:: 3,12,0  request:: '/b1,T  response:: v{'172.17.41.270000000001,'172.17.41.270000000000} 
2019-07-30 14:33:05,764 [myid:] - DEBUG [main-SendThread(localhost:2181):ClientCnxn$SendThread@745] - Got ping response for sessionid: 0x100424339cd0000 after 0ms
2019-07-30 14:33:05,765 [myid:] - DEBUG [main-SendThread(localhost:2181):ClientCnxn$SendThread@745] - Got ping response for sessionid: 0x100424339cd0001 after 1ms
2019-07-30 14:33:07,099 [myid:] - DEBUG [main-SendThread(localhost:2181):ClientCnxn$SendThread@745] - Got ping response for sessionid: 0x100424339cd0000 after 2ms
2019-07-30 14:33:07,099 [myid:] - DEBUG [main-SendThread(localhost:2181):ClientCnxn$SendThread@745] - Got ping response for sessionid: 0x100424339cd0001 after 2ms
2019-07-30 14:33:08,443 [myid:] - DEBUG [main-SendThread(localhost:2181):ClientCnxn$SendThread@745] - Got ping response for sessionid: 0x100424339cd0000 after 1ms
2019-07-30 14:33:08,443 [myid:] - DEBUG [main-SendThread(localhost:2181):ClientCnxn$SendThread@745] - Got ping response for sessionid: 0x100424339cd0001 after 2ms
2019-07-30 14:33:09,776 [myid:] - DEBUG [main-SendThread(localhost:2181):ClientCnxn$SendThread@745] - Got ping response for sessionid: 0x100424339cd0001 after 2ms
2019-07-30 14:33:09,776 [myid:] - DEBUG [main-SendThread(localhost:2181):ClientCnxn$SendThread@745] - Got ping response for sessionid: 0x100424339cd0000 after 1ms
2019-07-30 14:33:11,108 [myid:] - DEBUG [main-SendThread(localhost:2181):ClientCnxn$SendThread@745] - Got ping response for sessionid: 0x100424339cd0001 after 0ms
2019-07-30 14:33:11,108 [myid:] - DEBUG [main-SendThread(localhost:2181):ClientCnxn$SendThread@745] - Got ping response for sessionid: 0x100424339cd0000 after 0ms
2019-07-30 14:33:12,443 [myid:] - DEBUG [main-SendThread(localhost:2181):ClientCnxn$SendThread@745] - Got ping response for sessionid: 0x100424339cd0000 after 2ms
2019-07-30 14:33:12,444 [myid:] - DEBUG [main-SendThread(localhost:2181):ClientCnxn$SendThread@745] - Got ping response for sessionid: 0x100424339cd0001 after 2ms
2019-07-30 14:33:13,018 [myid:] - DEBUG [main-SendThread(localhost:2181):ClientCnxn$SendThread@846] - Reading reply sessionid:0x100424339cd0000, packet:: clientPath:null serverPath:null finished:false header:: 6,2  replyHeader:: 6,13,-101  request:: '/b1/172.17.41.27,0  response:: null
2019-07-30 14:33:13,775 [myid:] - DEBUG [main-SendThread(localhost:2181):ClientCnxn$SendThread@745] - Got ping response for sessionid: 0x100424339cd0001 after 0ms
2019-07-30 14:33:14,052 [myid:] - INFO  [main:Environment@100] - Client environment:zookeeper.version=3.4.14-4c25d480e66aadd371de8bd2fd8da255ac140bcf, built on 03/06/2019 16:18 GMT
2019-07-30 14:33:14,055 [myid:] - INFO  [main:Environment@100] - Client environment:host.name=172.17.41.27
2019-07-30 14:33:14,055 [myid:] - INFO  [main:Environment@100] - Client environment:java.version=1.8.0_211
2019-07-30 14:33:14,057 [myid:] - INFO  [main:Environment@100] - Client environment:java.vendor=Oracle Corporation
2019-07-30 14:33:14,057 [myid:] - INFO  [main:Environment@100] - Client environment:java.home=C:\Program Files\Java\jre1.8.0_211
2019-07-30 14:33:14,057 [myid:] - INFO  [main:Environment@100] - Client environment:java.class.path=.;C:\temp\zookeeper-3.4.14\zookeeper-3.4.14.jar;C:\temp\zookeeper-3.4.14\lib\slf4j-log4j12-1.7.25.jar;C:\temp\zookeeper-3.4.14\lib\slf4j-api-1.7.25.jar;C:\temp\zookeeper-3.4.14\lib\log4j-1.2.17.jar
2019-07-30 14:33:14,058 [myid:] - INFO  [main:Environment@100] - Client environment:java.library.path=C:\Program Files (x86)\Common Files\Oracle\Java\javapath;C:\WINDOWS\Sun\Java\bin;C:\WINDOWS\system32;C:\WINDOWS;C:\Program Files (x86)\Common Files\Oracle\Java\javapath;C:\ProgramData\Oracle\Java\javapath;C:\Program Files (x86)\Intel\Intel(R) Management Engine Components\iCLS\;C:\Program Files\Intel\Intel(R) Management Engine Components\iCLS\;C:\WINDOWS\system32;C:\WINDOWS;C:\WINDOWS\System32\Wbem;C:\WINDOWS\System32\WindowsPowerShell\v1.0\;C:\Program Files (x86)\Intel\Intel(R) Management Engine Components\DAL;C:\Program Files\Intel\Intel(R) Management Engine Components\DAL;C:\Program Files (x86)\Intel\Intel(R) Management Engine Components\IPT;C:\Program Files\Intel\Intel(R) Management Engine Components\IPT;C:\Program Files\MiKTeX 2.9\miktex\bin\x64\;C:\Program Files\PuTTY\;C:\WINDOWS\System32\OpenSSH\;C:\Program Files\Java\jdk1.8.0_161\bin;C:\cygwin64\bin;;C:\Program Files (x86)\PDFtk\bin\;"C:\Users\Gustavo Pavani\AppData\Local\Microsoft\WindowsApps;C:\Program Files\Java\jdk1.8.0_161\bin;c:\cygwin64\bin";C:\Program Files (x86)\Nmap;C:\Users\Gustavo Pavani\AppData\Local\Microsoft\WindowsApps;;.
2019-07-30 14:33:14,059 [myid:] - INFO  [main:Environment@100] - Client environment:java.io.tmpdir=C:\Users\Gustavo Pavani\AppData\Local\Temp\
2019-07-30 14:33:14,059 [myid:] - INFO  [main:Environment@100] - Client environment:java.compiler=<NA>
2019-07-30 14:33:14,059 [myid:] - INFO  [main:Environment@100] - Client environment:os.name=Windows 10
2019-07-30 14:33:14,060 [myid:] - INFO  [main:Environment@100] - Client environment:os.arch=amd64
2019-07-30 14:33:14,060 [myid:] - INFO  [main:Environment@100] - Client environment:os.version=10.0
2019-07-30 14:33:14,060 [myid:] - INFO  [main:Environment@100] - Client environment:user.name=Gustavo Pavani
2019-07-30 14:33:14,061 [myid:] - INFO  [main:Environment@100] - Client environment:user.home=C:\Users\Gustavo Pavani
2019-07-30 14:33:14,061 [myid:] - INFO  [main:Environment@100] - Client environment:user.dir=C:\Users\Gustavo Pavani\Documents\Ensino\MCTA025\2Q19\Lab4\Codigos
2019-07-30 14:33:14,062 [myid:] - INFO  [main:ZooKeeper@442] - Initiating client connection, connectString=localhost sessionTimeout=3000 watcher=SyncPrimitive$Barrier@5910e440
2019-07-30 14:33:14,062 [myid:] - DEBUG [main:ClientCnxn@118] - zookeeper.disableAutoWatchReset is false
2019-07-30 14:33:14,211 [myid:] - DEBUG [main-SendThread(localhost:2181):SaslServerPrincipal@74] - Canonicalized address to localhost
2019-07-30 14:33:14,212 [myid:] - INFO  [main-SendThread(localhost:2181):ClientCnxn$SendThread@1025] - Opening socket connection to server localhost/0:0:0:0:0:0:0:1:2181. Will not attempt to authenticate using SASL (unknown error)
2019-07-30 14:33:14,213 [myid:] - INFO  [main-SendThread(localhost:2181):ClientCnxn$SendThread@879] - Socket connection established to localhost/0:0:0:0:0:0:0:1:2181, initiating session
2019-07-30 14:33:14,214 [myid:] - DEBUG [main-SendThread(localhost:2181):ClientCnxn$SendThread@952] - Session establishment request sent on localhost/0:0:0:0:0:0:0:1:2181
2019-07-30 14:33:14,237 [myid:] - INFO  [main-SendThread(localhost:2181):ClientCnxn$SendThread@1299] - Session establishment complete on server localhost/0:0:0:0:0:0:0:1:2181, sessionid = 0x100424339cd0002, negotiated timeout = 4000
2019-07-30 14:33:14,245 [myid:] - DEBUG [main-SendThread(localhost:2181):ClientCnxn$SendThread@846] - Reading reply sessionid:0x100424339cd0002, packet:: clientPath:null serverPath:null finished:false header:: 1,3  replyHeader:: 1,14,0  request:: '/b1,F  response:: s{9,9,1564507977620,1564507977620,0,2,0,0,0,2,12} 
2019-07-30 14:33:14,268 [myid:] - DEBUG [main-SendThread(localhost:2181):ClientCnxn$SendThread@769] - Got notification sessionid:0x100424339cd0001
2019-07-30 14:33:14,270 [myid:] - DEBUG [main-SendThread(localhost:2181):ClientCnxn$SendThread@846] - Reading reply sessionid:0x100424339cd0002, packet:: clientPath:null serverPath:null finished:false header:: 2,1  replyHeader:: 2,15,0  request:: '/b1/172.17.41.27,,v{s{31,s{'world,'anyone}}},3  response:: '/b1/172.17.41.270000000002 
2019-07-30 14:33:14,270 [myid:] - DEBUG [main-SendThread(localhost:2181):ClientCnxn$SendThread@791] - Got WatchedEvent state:SyncConnected type:NodeChildrenChanged path:/b1 for sessionid 0x100424339cd0001
2019-07-30 14:33:14,279 [myid:] - DEBUG [main-SendThread(localhost:2181):ClientCnxn$SendThread@846] - Reading reply sessionid:0x100424339cd0002, packet:: clientPath:null serverPath:null finished:false header:: 3,8  replyHeader:: 3,15,0  request:: '/b1,T  response:: v{'172.17.41.270000000001,'172.17.41.270000000000,'172.17.41.270000000002} 
2019-07-30 14:33:14,302 [myid:] - DEBUG [main-SendThread(localhost:2181):ClientCnxn$SendThread@846] - Reading reply sessionid:0x100424339cd0002, packet:: clientPath:null serverPath:null finished:false header:: 4,2  replyHeader:: 4,16,-101  request:: '/b1/172.17.41.27,0  response:: null
2019-07-30 14:33:14,409 [myid:] - DEBUG [main-SendThread(localhost:2181):ClientCnxn$SendThread@846] - Reading reply sessionid:0x100424339cd0001, packet:: clientPath:null serverPath:null finished:false header:: 4,2  replyHeader:: 4,17,-101  request:: '/b1/172.17.41.27,0  response:: null
2019-07-30 14:33:21,436 [myid:] - INFO  [main:Environment@100] - Client environment:zookeeper.version=3.4.14-4c25d480e66aadd371de8bd2fd8da255ac140bcf, built on 03/06/2019 16:18 GMT
2019-07-30 14:33:21,439 [myid:] - INFO  [main:Environment@100] - Client environment:host.name=172.17.41.27
2019-07-30 14:33:21,439 [myid:] - INFO  [main:Environment@100] - Client environment:java.version=1.8.0_211
2019-07-30 14:33:21,440 [myid:] - INFO  [main:Environment@100] - Client environment:java.vendor=Oracle Corporation
2019-07-30 14:33:21,441 [myid:] - INFO  [main:Environment@100] - Client environment:java.home=C:\Program Files\Java\jre1.8.0_211
2019-07-30 14:33:21,441 [myid:] - INFO  [main:Environment@100] - Client environment:java.class.path=.;C:\temp\zookeeper-3.4.14\zookeeper-3.4.14.jar;C:\temp\zookeeper-3.4.14\lib\slf4j-log4j12-1.7.25.jar;C:\temp\zookeeper-3.4.14\lib\slf4j-api-1.7.25.jar;C:\temp\zookeeper-3.4.14\lib\log4j-1.2.17.jar
2019-07-30 14:33:21,441 [myid:] - INFO  [main:Environment@100] - Client environment:java.library.path=C:\Program Files (x86)\Common Files\Oracle\Java\javapath;C:\WINDOWS\Sun\Java\bin;C:\WINDOWS\system32;C:\WINDOWS;C:\Program Files (x86)\Common Files\Oracle\Java\javapath;C:\ProgramData\Oracle\Java\javapath;C:\Program Files (x86)\Intel\Intel(R) Management Engine Components\iCLS\;C:\Program Files\Intel\Intel(R) Management Engine Components\iCLS\;C:\WINDOWS\system32;C:\WINDOWS;C:\WINDOWS\System32\Wbem;C:\WINDOWS\System32\WindowsPowerShell\v1.0\;C:\Program Files (x86)\Intel\Intel(R) Management Engine Components\DAL;C:\Program Files\Intel\Intel(R) Management Engine Components\DAL;C:\Program Files (x86)\Intel\Intel(R) Management Engine Components\IPT;C:\Program Files\Intel\Intel(R) Management Engine Components\IPT;C:\Program Files\MiKTeX 2.9\miktex\bin\x64\;C:\Program Files\PuTTY\;C:\WINDOWS\System32\OpenSSH\;C:\Program Files\Java\jdk1.8.0_161\bin;C:\cygwin64\bin;;C:\Program Files (x86)\PDFtk\bin\;"C:\Users\Gustavo Pavani\AppData\Local\Microsoft\WindowsApps;C:\Program Files\Java\jdk1.8.0_161\bin;c:\cygwin64\bin";C:\Program Files (x86)\Nmap;C:\Users\Gustavo Pavani\AppData\Local\Microsoft\WindowsApps;;.
2019-07-30 14:33:21,442 [myid:] - INFO  [main:Environment@100] - Client environment:java.io.tmpdir=C:\Users\Gustavo Pavani\AppData\Local\Temp\
2019-07-30 14:33:21,443 [myid:] - INFO  [main:Environment@100] - Client environment:java.compiler=<NA>
2019-07-30 14:33:21,443 [myid:] - INFO  [main:Environment@100] - Client environment:os.name=Windows 10
2019-07-30 14:33:21,443 [myid:] - INFO  [main:Environment@100] - Client environment:os.arch=amd64
2019-07-30 14:33:21,444 [myid:] - INFO  [main:Environment@100] - Client environment:os.version=10.0
2019-07-30 14:33:21,444 [myid:] - INFO  [main:Environment@100] - Client environment:user.name=Gustavo Pavani
2019-07-30 14:33:21,445 [myid:] - INFO  [main:Environment@100] - Client environment:user.home=C:\Users\Gustavo Pavani
2019-07-30 14:33:21,445 [myid:] - INFO  [main:Environment@100] - Client environment:user.dir=C:\Users\Gustavo Pavani\Documents\Ensino\MCTA025\2Q19\Lab4\Codigos
2019-07-30 14:33:21,446 [myid:] - INFO  [main:ZooKeeper@442] - Initiating client connection, connectString=localhost sessionTimeout=3000 watcher=SyncPrimitive$Lock@5910e440
2019-07-30 14:33:21,450 [myid:] - DEBUG [main:ClientCnxn@118] - zookeeper.disableAutoWatchReset is false
2019-07-30 14:33:21,573 [myid:] - DEBUG [main-SendThread(localhost:2181):SaslServerPrincipal@74] - Canonicalized address to localhost
2019-07-30 14:33:21,574 [myid:] - INFO  [main-SendThread(localhost:2181):ClientCnxn$SendThread@1025] - Opening socket connection to server localhost/127.0.0.1:2181. Will not attempt to authenticate using SASL (unknown error)
2019-07-30 14:33:21,575 [myid:] - INFO  [main-SendThread(localhost:2181):ClientCnxn$SendThread@879] - Socket connection established to localhost/127.0.0.1:2181, initiating session
2019-07-30 14:33:21,577 [myid:] - DEBUG [main-SendThread(localhost:2181):ClientCnxn$SendThread@952] - Session establishment request sent on localhost/127.0.0.1:2181
2019-07-30 14:33:21,593 [myid:] - INFO  [main-SendThread(localhost:2181):ClientCnxn$SendThread@1299] - Session establishment complete on server localhost/127.0.0.1:2181, sessionid = 0x100424339cd0003, negotiated timeout = 4000
2019-07-30 14:33:21,597 [myid:] - DEBUG [main-SendThread(localhost:2181):ClientCnxn$SendThread@846] - Reading reply sessionid:0x100424339cd0003, packet:: clientPath:null serverPath:null finished:false header:: 1,3  replyHeader:: 1,22,-101  request:: '/lock,F  response::  
2019-07-30 14:33:21,617 [myid:] - DEBUG [main-SendThread(localhost:2181):ClientCnxn$SendThread@846] - Reading reply sessionid:0x100424339cd0003, packet:: clientPath:null serverPath:null finished:false header:: 2,1  replyHeader:: 2,23,0  request:: '/lock,,v{s{31,s{'world,'anyone}}},0  response:: '/lock 
2019-07-30 14:33:21,634 [myid:] - DEBUG [main-SendThread(localhost:2181):ClientCnxn$SendThread@846] - Reading reply sessionid:0x100424339cd0003, packet:: clientPath:null serverPath:null finished:false header:: 3,1  replyHeader:: 3,24,0  request:: '/lock/lock-,,v{s{31,s{'world,'anyone}}},3  response:: '/lock/lock-0000000000 
2019-07-30 14:33:21,638 [myid:] - DEBUG [main-SendThread(localhost:2181):ClientCnxn$SendThread@846] - Reading reply sessionid:0x100424339cd0003, packet:: clientPath:null serverPath:null finished:false header:: 4,8  replyHeader:: 4,24,0  request:: '/lock,F  response:: v{'lock-0000000000} 
2019-07-30 14:33:22,973 [myid:] - DEBUG [main-SendThread(localhost:2181):ClientCnxn$SendThread@745] - Got ping response for sessionid: 0x100424339cd0003 after 1ms
2019-07-30 14:33:24,306 [myid:] - DEBUG [main-SendThread(localhost:2181):ClientCnxn$SendThread@745] - Got ping response for sessionid: 0x100424339cd0003 after 1ms
2019-07-30 14:33:25,638 [myid:] - DEBUG [main-SendThread(localhost:2181):ClientCnxn$SendThread@745] - Got ping response for sessionid: 0x100424339cd0003 after 0ms
2019-07-30 14:33:26,132 [myid:] - INFO  [main:Environment@100] - Client environment:zookeeper.version=3.4.14-4c25d480e66aadd371de8bd2fd8da255ac140bcf, built on 03/06/2019 16:18 GMT
2019-07-30 14:33:26,135 [myid:] - INFO  [main:Environment@100] - Client environment:host.name=172.17.41.27
2019-07-30 14:33:26,135 [myid:] - INFO  [main:Environment@100] - Client environment:java.version=1.8.0_211
2019-07-30 14:33:26,136 [myid:] - INFO  [main:Environment@100] - Client environment:java.vendor=Oracle Corporation
2019-07-30 14:33:26,137 [myid:] - INFO  [main:Environment@100] - Client environment:java.home=C:\Program Files\Java\jre1.8.0_211
2019-07-30 14:33:26,137 [myid:] - INFO  [main:Environment@100] - Client environment:java.class.path=.;C:\temp\zookeeper-3.4.14\zookeeper-3.4.14.jar;C:\temp\zookeeper-3.4.14\lib\slf4j-log4j12-1.7.25.jar;C:\temp\zookeeper-3.4.14\lib\slf4j-api-1.7.25.jar;C:\temp\zookeeper-3.4.14\lib\log4j-1.2.17.jar
2019-07-30 14:33:26,137 [myid:] - INFO  [main:Environment@100] - Client environment:java.library.path=C:\Program Files (x86)\Common Files\Oracle\Java\javapath;C:\WINDOWS\Sun\Java\bin;C:\WINDOWS\system32;C:\WINDOWS;C:\Program Files (x86)\Common Files\Oracle\Java\javapath;C:\ProgramData\Oracle\Java\javapath;C:\Program Files (x86)\Intel\Intel(R) Management Engine Components\iCLS\;C:\Program Files\Intel\Intel(R) Management Engine Components\iCLS\;C:\WINDOWS\system32;C:\WINDOWS;C:\WINDOWS\System32\Wbem;C:\WINDOWS\System32\WindowsPowerShell\v1.0\;C:\Program Files (x86)\Intel\Intel(R) Management Engine Components\DAL;C:\Program Files\Intel\Intel(R) Management Engine Components\DAL;C:\Program Files (x86)\Intel\Intel(R) Management Engine Components\IPT;C:\Program Files\Intel\Intel(R) Management Engine Components\IPT;C:\Program Files\MiKTeX 2.9\miktex\bin\x64\;C:\Program Files\PuTTY\;C:\WINDOWS\System32\OpenSSH\;C:\Program Files\Java\jdk1.8.0_161\bin;C:\cygwin64\bin;;C:\Program Files (x86)\PDFtk\bin\;"C:\Users\Gustavo Pavani\AppData\Local\Microsoft\WindowsApps;C:\Program Files\Java\jdk1.8.0_161\bin;c:\cygwin64\bin";C:\Program Files (x86)\Nmap;C:\Users\Gustavo Pavani\AppData\Local\Microsoft\WindowsApps;;.
2019-07-30 14:33:26,138 [myid:] - INFO  [main:Environment@100] - Client environment:java.io.tmpdir=C:\Users\Gustavo Pavani\AppData\Local\Temp\
2019-07-30 14:33:26,138 [myid:] - INFO  [main:Environment@100] - Client environment:java.compiler=<NA>
2019-07-30 14:33:26,139 [myid:] - INFO  [main:Environment@100] - Client environment:os.name=Windows 10
2019-07-30 14:33:26,139 [myid:] - INFO  [main:Environment@100] - Client environment:os.arch=amd64
2019-07-30 14:33:26,139 [myid:] - INFO  [main:Environment@100] - Client environment:os.version=10.0
2019-07-30 14:33:26,139 [myid:] - INFO  [main:Environment@100] - Client environment:user.name=Gustavo Pavani
2019-07-30 14:33:26,139 [myid:] - INFO  [main:Environment@100] - Client environment:user.home=C:\Users\Gustavo Pavani
2019-07-30 14:33:26,139 [myid:] - INFO  [main:Environment@100] - Client environment:user.dir=C:\Users\Gustavo Pavani\Documents\Ensino\MCTA025\2Q19\Lab4\Codigos
2019-07-30 14:33:26,139 [myid:] - INFO  [main:ZooKeeper@442] - Initiating client connection, connectString=localhost sessionTimeout=3000 watcher=SyncPrimitive$Lock@5910e440
2019-07-30 14:33:26,139 [myid:] - DEBUG [main:ClientCnxn@118] - zookeeper.disableAutoWatchReset is false
2019-07-30 14:33:26,291 [myid:] - DEBUG [main-SendThread(localhost:2181):SaslServerPrincipal@74] - Canonicalized address to localhost
2019-07-30 14:33:26,292 [myid:] - INFO  [main-SendThread(localhost:2181):ClientCnxn$SendThread@1025] - Opening socket connection to server localhost/127.0.0.1:2181. Will not attempt to authenticate using SASL (unknown error)
2019-07-30 14:33:26,293 [myid:] - INFO  [main-SendThread(localhost:2181):ClientCnxn$SendThread@879] - Socket connection established to localhost/127.0.0.1:2181, initiating session
2019-07-30 14:33:26,294 [myid:] - DEBUG [main-SendThread(localhost:2181):ClientCnxn$SendThread@952] - Session establishment request sent on localhost/127.0.0.1:2181
2019-07-30 14:33:26,309 [myid:] - INFO  [main-SendThread(localhost:2181):ClientCnxn$SendThread@1299] - Session establishment complete on server localhost/127.0.0.1:2181, sessionid = 0x100424339cd0004, negotiated timeout = 4000
2019-07-30 14:33:26,329 [myid:] - DEBUG [main-SendThread(localhost:2181):ClientCnxn$SendThread@846] - Reading reply sessionid:0x100424339cd0004, packet:: clientPath:null serverPath:null finished:false header:: 1,3  replyHeader:: 1,25,0  request:: '/lock,F  response:: s{23,23,1564508001601,1564508001601,0,1,0,0,0,1,24} 
2019-07-30 14:33:26,351 [myid:] - DEBUG [main-SendThread(localhost:2181):ClientCnxn$SendThread@846] - Reading reply sessionid:0x100424339cd0004, packet:: clientPath:null serverPath:null finished:false header:: 2,1  replyHeader:: 2,26,0  request:: '/lock/lock-,,v{s{31,s{'world,'anyone}}},3  response:: '/lock/lock-0000000001 
2019-07-30 14:33:26,354 [myid:] - DEBUG [main-SendThread(localhost:2181):ClientCnxn$SendThread@846] - Reading reply sessionid:0x100424339cd0004, packet:: clientPath:null serverPath:null finished:false header:: 3,8  replyHeader:: 3,26,0  request:: '/lock,F  response:: v{'lock-0000000001,'lock-0000000000} 
2019-07-30 14:33:26,357 [myid:] - DEBUG [main-SendThread(localhost:2181):ClientCnxn$SendThread@846] - Reading reply sessionid:0x100424339cd0004, packet:: clientPath:null serverPath:null finished:false header:: 4,3  replyHeader:: 4,26,0  request:: '/lock/lock-0000000000,T  response:: s{24,24,1564508001618,1564508001618,0,0,0,72130450537906179,0,0,24} 
2019-07-30 14:33:26,972 [myid:] - DEBUG [main-SendThread(localhost:2181):ClientCnxn$SendThread@745] - Got ping response for sessionid: 0x100424339cd0003 after 0ms
2019-07-30 14:33:27,691 [myid:] - DEBUG [main-SendThread(localhost:2181):ClientCnxn$SendThread@745] - Got ping response for sessionid: 0x100424339cd0004 after 0ms
2019-07-30 14:33:28,305 [myid:] - DEBUG [main-SendThread(localhost:2181):ClientCnxn$SendThread@745] - Got ping response for sessionid: 0x100424339cd0003 after 0ms
2019-07-30 14:33:29,025 [myid:] - DEBUG [main-SendThread(localhost:2181):ClientCnxn$SendThread@745] - Got ping response for sessionid: 0x100424339cd0004 after 0ms
2019-07-30 14:33:29,648 [myid:] - DEBUG [main-SendThread(localhost:2181):ClientCnxn$SendThread@745] - Got ping response for sessionid: 0x100424339cd0003 after 0ms
2019-07-30 14:33:29,689 [myid:] - INFO  [main:Environment@100] - Client environment:zookeeper.version=3.4.14-4c25d480e66aadd371de8bd2fd8da255ac140bcf, built on 03/06/2019 16:18 GMT
2019-07-30 14:33:29,689 [myid:] - INFO  [main:Environment@100] - Client environment:host.name=172.17.41.27
2019-07-30 14:33:29,689 [myid:] - INFO  [main:Environment@100] - Client environment:java.version=1.8.0_211
2019-07-30 14:33:29,689 [myid:] - INFO  [main:Environment@100] - Client environment:java.vendor=Oracle Corporation
2019-07-30 14:33:29,689 [myid:] - INFO  [main:Environment@100] - Client environment:java.home=C:\Program Files\Java\jre1.8.0_211
2019-07-30 14:33:29,689 [myid:] - INFO  [main:Environment@100] - Client environment:java.class.path=.;C:\temp\zookeeper-3.4.14\zookeeper-3.4.14.jar;C:\temp\zookeeper-3.4.14\lib\slf4j-log4j12-1.7.25.jar;C:\temp\zookeeper-3.4.14\lib\slf4j-api-1.7.25.jar;C:\temp\zookeeper-3.4.14\lib\log4j-1.2.17.jar
2019-07-30 14:33:29,689 [myid:] - INFO  [main:Environment@100] - Client environment:java.library.path=C:\Program Files (x86)\Common Files\Oracle\Java\javapath;C:\WINDOWS\Sun\Java\bin;C:\WINDOWS\system32;C:\WINDOWS;C:\Program Files (x86)\Common Files\Oracle\Java\javapath;C:\ProgramData\Oracle\Java\javapath;C:\Program Files (x86)\Intel\Intel(R) Management Engine Components\iCLS\;C:\Program Files\Intel\Intel(R) Management Engine Components\iCLS\;C:\WINDOWS\system32;C:\WINDOWS;C:\WINDOWS\System32\Wbem;C:\WINDOWS\System32\WindowsPowerShell\v1.0\;C:\Program Files (x86)\Intel\Intel(R) Management Engine Components\DAL;C:\Program Files\Intel\Intel(R) Management Engine Components\DAL;C:\Program Files (x86)\Intel\Intel(R) Management Engine Components\IPT;C:\Program Files\Intel\Intel(R) Management Engine Components\IPT;C:\Program Files\MiKTeX 2.9\miktex\bin\x64\;C:\Program Files\PuTTY\;C:\WINDOWS\System32\OpenSSH\;C:\Program Files\Java\jdk1.8.0_161\bin;C:\cygwin64\bin;;C:\Program Files (x86)\PDFtk\bin\;"C:\Users\Gustavo Pavani\AppData\Local\Microsoft\WindowsApps;C:\Program Files\Java\jdk1.8.0_161\bin;c:\cygwin64\bin";C:\Program Files (x86)\Nmap;C:\Users\Gustavo Pavani\AppData\Local\Microsoft\WindowsApps;;.
2019-07-30 14:33:29,689 [myid:] - INFO  [main:Environment@100] - Client environment:java.io.tmpdir=C:\Users\Gustavo Pavani\AppData\Local\Temp\
2019-07-30 14:33:29,689 [myid:] - INFO  [main:Environment@100] - Client environment:java.compiler=<NA>
2019-07-30 14:33:29,689 [myid:] - INFO  [main:Environment@100] - Client environment:os.name=Windows 10
2019-07-30 14:33:29,689 [myid:] - INFO  [main:Environment@100] - Client environment:os.arch=amd64
2019-07-30 14:33:29,689 [myid:] - INFO  [main:Environment@100] - Client environment:os.version=10.0
2019-07-30 14:33:29,689 [myid:] - INFO  [main:Environment@100] - Client environment:user.name=Gustavo Pavani
2019-07-30 14:33:29,689 [myid:] - INFO  [main:Environment@100] - Client environment:user.home=C:\Users\Gustavo Pavani
2019-07-30 14:33:29,689 [myid:] - INFO  [main:Environment@100] - Client environment:user.dir=C:\Users\Gustavo Pavani\Documents\Ensino\MCTA025\2Q19\Lab4\Codigos
2019-07-30 14:33:29,689 [myid:] - INFO  [main:ZooKeeper@442] - Initiating client connection, connectString=localhost sessionTimeout=3000 watcher=SyncPrimitive$Lock@5910e440
2019-07-30 14:33:29,705 [myid:] - DEBUG [main:ClientCnxn@118] - zookeeper.disableAutoWatchReset is false
2019-07-30 14:33:29,837 [myid:] - DEBUG [main-SendThread(localhost:2181):SaslServerPrincipal@74] - Canonicalized address to localhost
2019-07-30 14:33:29,838 [myid:] - INFO  [main-SendThread(localhost:2181):ClientCnxn$SendThread@1025] - Opening socket connection to server localhost/0:0:0:0:0:0:0:1:2181. Will not attempt to authenticate using SASL (unknown error)
2019-07-30 14:33:29,839 [myid:] - INFO  [main-SendThread(localhost:2181):ClientCnxn$SendThread@879] - Socket connection established to localhost/0:0:0:0:0:0:0:1:2181, initiating session
2019-07-30 14:33:29,840 [myid:] - DEBUG [main-SendThread(localhost:2181):ClientCnxn$SendThread@952] - Session establishment request sent on localhost/0:0:0:0:0:0:0:1:2181
2019-07-30 14:33:29,859 [myid:] - INFO  [main-SendThread(localhost:2181):ClientCnxn$SendThread@1299] - Session establishment complete on server localhost/0:0:0:0:0:0:0:1:2181, sessionid = 0x100424339cd0005, negotiated timeout = 4000
2019-07-30 14:33:29,859 [myid:] - DEBUG [main-SendThread(localhost:2181):ClientCnxn$SendThread@846] - Reading reply sessionid:0x100424339cd0005, packet:: clientPath:null serverPath:null finished:false header:: 1,3  replyHeader:: 1,27,0  request:: '/lock,F  response:: s{23,23,1564508001601,1564508001601,0,2,0,0,0,2,26} 
2019-07-30 14:33:29,893 [myid:] - DEBUG [main-SendThread(localhost:2181):ClientCnxn$SendThread@846] - Reading reply sessionid:0x100424339cd0005, packet:: clientPath:null serverPath:null finished:false header:: 2,1  replyHeader:: 2,28,0  request:: '/lock/lock-,,v{s{31,s{'world,'anyone}}},3  response:: '/lock/lock-0000000002 
2019-07-30 14:33:29,895 [myid:] - DEBUG [main-SendThread(localhost:2181):ClientCnxn$SendThread@846] - Reading reply sessionid:0x100424339cd0005, packet:: clientPath:null serverPath:null finished:false header:: 3,8  replyHeader:: 3,28,0  request:: '/lock,F  response:: v{'lock-0000000001,'lock-0000000000,'lock-0000000002} 
2019-07-30 14:33:29,897 [myid:] - DEBUG [main-SendThread(localhost:2181):ClientCnxn$SendThread@846] - Reading reply sessionid:0x100424339cd0005, packet:: clientPath:null serverPath:null finished:false header:: 4,3  replyHeader:: 4,28,0  request:: '/lock/lock-0000000001,T  response:: s{26,26,1564508006334,1564508006334,0,0,0,72130450537906180,0,0,26} 
2019-07-30 14:33:30,357 [myid:] - DEBUG [main-SendThread(localhost:2181):ClientCnxn$SendThread@745] - Got ping response for sessionid: 0x100424339cd0004 after 0ms
2019-07-30 14:33:30,983 [myid:] - DEBUG [main-SendThread(localhost:2181):ClientCnxn$SendThread@745] - Got ping response for sessionid: 0x100424339cd0003 after 0ms
2019-07-30 14:33:31,231 [myid:] - DEBUG [main-SendThread(localhost:2181):ClientCnxn$SendThread@745] - Got ping response for sessionid: 0x100424339cd0005 after 0ms
2019-07-30 14:33:31,690 [myid:] - DEBUG [main-SendThread(localhost:2181):ClientCnxn$SendThread@745] - Got ping response for sessionid: 0x100424339cd0004 after 0ms
2019-07-30 14:33:32,565 [myid:] - DEBUG [main-SendThread(localhost:2181):ClientCnxn$SendThread@745] - Got ping response for sessionid: 0x100424339cd0005 after 0ms
2019-07-30 14:33:33,024 [myid:] - DEBUG [main-SendThread(localhost:2181):ClientCnxn$SendThread@745] - Got ping response for sessionid: 0x100424339cd0004 after 0ms
2019-07-30 14:33:33,418 [myid:] - INFO  [main:Environment@100] - Client environment:zookeeper.version=3.4.14-4c25d480e66aadd371de8bd2fd8da255ac140bcf, built on 03/06/2019 16:18 GMT
2019-07-30 14:33:33,421 [myid:] - INFO  [main:Environment@100] - Client environment:host.name=172.17.41.27
2019-07-30 14:33:33,421 [myid:] - INFO  [main:Environment@100] - Client environment:java.version=1.8.0_211
2019-07-30 14:33:33,423 [myid:] - INFO  [main:Environment@100] - Client environment:java.vendor=Oracle Corporation
2019-07-30 14:33:33,423 [myid:] - INFO  [main:Environment@100] - Client environment:java.home=C:\Program Files\Java\jre1.8.0_211
2019-07-30 14:33:33,423 [myid:] - INFO  [main:Environment@100] - Client environment:java.class.path=.;C:\temp\zookeeper-3.4.14\zookeeper-3.4.14.jar;C:\temp\zookeeper-3.4.14\lib\slf4j-log4j12-1.7.25.jar;C:\temp\zookeeper-3.4.14\lib\slf4j-api-1.7.25.jar;C:\temp\zookeeper-3.4.14\lib\log4j-1.2.17.jar
2019-07-30 14:33:33,424 [myid:] - INFO  [main:Environment@100] - Client environment:java.library.path=C:\Program Files (x86)\Common Files\Oracle\Java\javapath;C:\WINDOWS\Sun\Java\bin;C:\WINDOWS\system32;C:\WINDOWS;C:\Program Files (x86)\Common Files\Oracle\Java\javapath;C:\ProgramData\Oracle\Java\javapath;C:\Program Files (x86)\Intel\Intel(R) Management Engine Components\iCLS\;C:\Program Files\Intel\Intel(R) Management Engine Components\iCLS\;C:\WINDOWS\system32;C:\WINDOWS;C:\WINDOWS\System32\Wbem;C:\WINDOWS\System32\WindowsPowerShell\v1.0\;C:\Program Files (x86)\Intel\Intel(R) Management Engine Components\DAL;C:\Program Files\Intel\Intel(R) Management Engine Components\DAL;C:\Program Files (x86)\Intel\Intel(R) Management Engine Components\IPT;C:\Program Files\Intel\Intel(R) Management Engine Components\IPT;C:\Program Files\MiKTeX 2.9\miktex\bin\x64\;C:\Program Files\PuTTY\;C:\WINDOWS\System32\OpenSSH\;C:\Program Files\Java\jdk1.8.0_161\bin;C:\cygwin64\bin;;C:\Program Files (x86)\PDFtk\bin\;"C:\Users\Gustavo Pavani\AppData\Local\Microsoft\WindowsApps;C:\Program Files\Java\jdk1.8.0_161\bin;c:\cygwin64\bin";C:\Program Files (x86)\Nmap;C:\Users\Gustavo Pavani\AppData\Local\Microsoft\WindowsApps;;.
2019-07-30 14:33:33,425 [myid:] - INFO  [main:Environment@100] - Client environment:java.io.tmpdir=C:\Users\Gustavo Pavani\AppData\Local\Temp\
2019-07-30 14:33:33,425 [myid:] - INFO  [main:Environment@100] - Client environment:java.compiler=<NA>
2019-07-30 14:33:33,425 [myid:] - INFO  [main:Environment@100] - Client environment:os.name=Windows 10
2019-07-30 14:33:33,426 [myid:] - INFO  [main:Environment@100] - Client environment:os.arch=amd64
2019-07-30 14:33:33,426 [myid:] - INFO  [main:Environment@100] - Client environment:os.version=10.0
2019-07-30 14:33:33,426 [myid:] - INFO  [main:Environment@100] - Client environment:user.name=Gustavo Pavani
2019-07-30 14:33:33,427 [myid:] - INFO  [main:Environment@100] - Client environment:user.home=C:\Users\Gustavo Pavani
2019-07-30 14:33:33,427 [myid:] - INFO  [main:Environment@100] - Client environment:user.dir=C:\Users\Gustavo Pavani\Documents\Ensino\MCTA025\2Q19\Lab4\Codigos
2019-07-30 14:33:33,428 [myid:] - INFO  [main:ZooKeeper@442] - Initiating client connection, connectString=localhost sessionTimeout=3000 watcher=SyncPrimitive$Lock@5910e440
2019-07-30 14:33:33,433 [myid:] - DEBUG [main:ClientCnxn@118] - zookeeper.disableAutoWatchReset is false
2019-07-30 14:33:33,586 [myid:] - DEBUG [main-SendThread(localhost:2181):SaslServerPrincipal@74] - Canonicalized address to localhost
2019-07-30 14:33:33,587 [myid:] - INFO  [main-SendThread(localhost:2181):ClientCnxn$SendThread@1025] - Opening socket connection to server localhost/127.0.0.1:2181. Will not attempt to authenticate using SASL (unknown error)
2019-07-30 14:33:33,589 [myid:] - INFO  [main-SendThread(localhost:2181):ClientCnxn$SendThread@879] - Socket connection established to localhost/127.0.0.1:2181, initiating session
2019-07-30 14:33:33,590 [myid:] - DEBUG [main-SendThread(localhost:2181):ClientCnxn$SendThread@952] - Session establishment request sent on localhost/127.0.0.1:2181
2019-07-30 14:33:33,611 [myid:] - INFO  [main-SendThread(localhost:2181):ClientCnxn$SendThread@1299] - Session establishment complete on server localhost/127.0.0.1:2181, sessionid = 0x100424339cd0006, negotiated timeout = 4000
2019-07-30 14:33:33,615 [myid:] - DEBUG [main-SendThread(localhost:2181):ClientCnxn$SendThread@846] - Reading reply sessionid:0x100424339cd0006, packet:: clientPath:null serverPath:null finished:false header:: 1,3  replyHeader:: 1,29,0  request:: '/lock,F  response:: s{23,23,1564508001601,1564508001601,0,3,0,0,0,3,28} 
2019-07-30 14:33:33,634 [myid:] - DEBUG [main-SendThread(localhost:2181):ClientCnxn$SendThread@846] - Reading reply sessionid:0x100424339cd0006, packet:: clientPath:null serverPath:null finished:false header:: 2,1  replyHeader:: 2,30,0  request:: '/lock/lock-,,v{s{31,s{'world,'anyone}}},3  response:: '/lock/lock-0000000003 
2019-07-30 14:33:33,637 [myid:] - DEBUG [main-SendThread(localhost:2181):ClientCnxn$SendThread@846] - Reading reply sessionid:0x100424339cd0006, packet:: clientPath:null serverPath:null finished:false header:: 3,8  replyHeader:: 3,30,0  request:: '/lock,F  response:: v{'lock-0000000001,'lock-0000000000,'lock-0000000003,'lock-0000000002} 
2019-07-30 14:33:33,640 [myid:] - DEBUG [main-SendThread(localhost:2181):ClientCnxn$SendThread@846] - Reading reply sessionid:0x100424339cd0006, packet:: clientPath:null serverPath:null finished:false header:: 4,3  replyHeader:: 4,30,0  request:: '/lock/lock-0000000002,T  response:: s{28,28,1564508009876,1564508009876,0,0,0,72130450537906181,0,0,28} 
2019-07-30 14:33:33,898 [myid:] - DEBUG [main-SendThread(localhost:2181):ClientCnxn$SendThread@745] - Got ping response for sessionid: 0x100424339cd0005 after 0ms
2019-07-30 14:33:34,358 [myid:] - DEBUG [main-SendThread(localhost:2181):ClientCnxn$SendThread@745] - Got ping response for sessionid: 0x100424339cd0004 after 0ms
2019-07-30 14:33:34,979 [myid:] - DEBUG [main-SendThread(localhost:2181):ClientCnxn$SendThread@745] - Got ping response for sessionid: 0x100424339cd0006 after 0ms
2019-07-30 14:33:35,226 [myid:] - DEBUG [main-SendThread(localhost:2181):ClientCnxn$SendThread@769] - Got notification sessionid:0x100424339cd0004
2019-07-30 14:33:35,226 [myid:] - DEBUG [main-SendThread(localhost:2181):ClientCnxn$SendThread@791] - Got WatchedEvent state:SyncConnected type:NodeDeleted path:/lock/lock-0000000000 for sessionid 0x100424339cd0004
2019-07-30 14:33:35,228 [myid:] - DEBUG [main-SendThread(localhost:2181):ClientCnxn$SendThread@846] - Reading reply sessionid:0x100424339cd0004, packet:: clientPath:null serverPath:null finished:false header:: 5,8  replyHeader:: 5,31,0  request:: '/lock,F  response:: v{'lock-0000000001,'lock-0000000003,'lock-0000000002} 
2019-07-30 14:33:35,232 [myid:] - DEBUG [main-SendThread(localhost:2181):ClientCnxn$SendThread@745] - Got ping response for sessionid: 0x100424339cd0005 after 0ms
2019-07-30 14:33:36,311 [myid:] - DEBUG [main-SendThread(localhost:2181):ClientCnxn$SendThread@745] - Got ping response for sessionid: 0x100424339cd0006 after 0ms
2019-07-30 14:33:36,564 [myid:] - DEBUG [main-SendThread(localhost:2181):ClientCnxn$SendThread@745] - Got ping response for sessionid: 0x100424339cd0005 after 0ms
2019-07-30 14:33:37,644 [myid:] - DEBUG [main-SendThread(localhost:2181):ClientCnxn$SendThread@745] - Got ping response for sessionid: 0x100424339cd0006 after 0ms
2019-07-30 14:33:37,909 [myid:] - DEBUG [main-SendThread(localhost:2181):ClientCnxn$SendThread@745] - Got ping response for sessionid: 0x100424339cd0005 after 0ms
2019-07-30 14:33:38,977 [myid:] - DEBUG [main-SendThread(localhost:2181):ClientCnxn$SendThread@745] - Got ping response for sessionid: 0x100424339cd0006 after 0ms
2019-07-30 14:33:39,242 [myid:] - DEBUG [main-SendThread(localhost:2181):ClientCnxn$SendThread@745] - Got ping response for sessionid: 0x100424339cd0005 after 0ms
2019-07-30 14:33:40,309 [myid:] - DEBUG [main-SendThread(localhost:2181):ClientCnxn$SendThread@745] - Got ping response for sessionid: 0x100424339cd0006 after 0ms
2019-07-30 14:33:40,575 [myid:] - DEBUG [main-SendThread(localhost:2181):ClientCnxn$SendThread@745] - Got ping response for sessionid: 0x100424339cd0005 after 0ms
2019-07-30 14:33:41,225 [myid:] - DEBUG [main-SendThread(localhost:2181):ClientCnxn$SendThread@769] - Got notification sessionid:0x100424339cd0005
2019-07-30 14:33:41,226 [myid:] - DEBUG [main-SendThread(localhost:2181):ClientCnxn$SendThread@791] - Got WatchedEvent state:SyncConnected type:NodeDeleted path:/lock/lock-0000000001 for sessionid 0x100424339cd0005
2019-07-30 14:33:41,228 [myid:] - DEBUG [main-SendThread(localhost:2181):ClientCnxn$SendThread@846] - Reading reply sessionid:0x100424339cd0005, packet:: clientPath:null serverPath:null finished:false header:: 5,8  replyHeader:: 5,32,0  request:: '/lock,F  response:: v{'lock-0000000003,'lock-0000000002} 
2019-07-30 14:33:41,655 [myid:] - DEBUG [main-SendThread(localhost:2181):ClientCnxn$SendThread@745] - Got ping response for sessionid: 0x100424339cd0006 after 0ms
2019-07-30 14:33:42,561 [myid:] - DEBUG [main-SendThread(localhost:2181):ClientCnxn$SendThread@745] - Got ping response for sessionid: 0x100424339cd0005 after 0ms
2019-07-30 14:33:42,987 [myid:] - DEBUG [main-SendThread(localhost:2181):ClientCnxn$SendThread@745] - Got ping response for sessionid: 0x100424339cd0006 after 0ms
2019-07-30 14:33:43,894 [myid:] - DEBUG [main-SendThread(localhost:2181):ClientCnxn$SendThread@745] - Got ping response for sessionid: 0x100424339cd0005 after 0ms
2019-07-30 14:33:44,320 [myid:] - DEBUG [main-SendThread(localhost:2181):ClientCnxn$SendThread@745] - Got ping response for sessionid: 0x100424339cd0006 after 0ms
2019-07-30 14:33:45,227 [myid:] - DEBUG [main-SendThread(localhost:2181):ClientCnxn$SendThread@745] - Got ping response for sessionid: 0x100424339cd0005 after 0ms
2019-07-30 14:33:45,652 [myid:] - DEBUG [main-SendThread(localhost:2181):ClientCnxn$SendThread@745] - Got ping response for sessionid: 0x100424339cd0006 after 0ms
2019-07-30 14:33:46,559 [myid:] - DEBUG [main-SendThread(localhost:2181):ClientCnxn$SendThread@745] - Got ping response for sessionid: 0x100424339cd0005 after 0ms
2019-07-30 14:33:46,988 [myid:] - DEBUG [main-SendThread(localhost:2181):ClientCnxn$SendThread@745] - Got ping response for sessionid: 0x100424339cd0006 after 0ms
2019-07-30 14:33:47,112 [myid:] - INFO  [main:Environment@100] - Client environment:zookeeper.version=3.4.14-4c25d480e66aadd371de8bd2fd8da255ac140bcf, built on 03/06/2019 16:18 GMT
2019-07-30 14:33:47,114 [myid:] - INFO  [main:Environment@100] - Client environment:host.name=172.17.41.27
2019-07-30 14:33:47,115 [myid:] - INFO  [main:Environment@100] - Client environment:java.version=1.8.0_211
2019-07-30 14:33:47,116 [myid:] - INFO  [main:Environment@100] - Client environment:java.vendor=Oracle Corporation
2019-07-30 14:33:47,116 [myid:] - INFO  [main:Environment@100] - Client environment:java.home=C:\Program Files\Java\jre1.8.0_211
2019-07-30 14:33:47,117 [myid:] - INFO  [main:Environment@100] - Client environment:java.class.path=.;C:\temp\zookeeper-3.4.14\zookeeper-3.4.14.jar;C:\temp\zookeeper-3.4.14\lib\slf4j-log4j12-1.7.25.jar;C:\temp\zookeeper-3.4.14\lib\slf4j-api-1.7.25.jar;C:\temp\zookeeper-3.4.14\lib\log4j-1.2.17.jar
2019-07-30 14:33:47,117 [myid:] - INFO  [main:Environment@100] - Client environment:java.library.path=C:\Program Files (x86)\Common Files\Oracle\Java\javapath;C:\WINDOWS\Sun\Java\bin;C:\WINDOWS\system32;C:\WINDOWS;C:\Program Files (x86)\Common Files\Oracle\Java\javapath;C:\ProgramData\Oracle\Java\javapath;C:\Program Files (x86)\Intel\Intel(R) Management Engine Components\iCLS\;C:\Program Files\Intel\Intel(R) Management Engine Components\iCLS\;C:\WINDOWS\system32;C:\WINDOWS;C:\WINDOWS\System32\Wbem;C:\WINDOWS\System32\WindowsPowerShell\v1.0\;C:\Program Files (x86)\Intel\Intel(R) Management Engine Components\DAL;C:\Program Files\Intel\Intel(R) Management Engine Components\DAL;C:\Program Files (x86)\Intel\Intel(R) Management Engine Components\IPT;C:\Program Files\Intel\Intel(R) Management Engine Components\IPT;C:\Program Files\MiKTeX 2.9\miktex\bin\x64\;C:\Program Files\PuTTY\;C:\WINDOWS\System32\OpenSSH\;C:\Program Files\Java\jdk1.8.0_161\bin;C:\cygwin64\bin;;C:\Program Files (x86)\PDFtk\bin\;"C:\Users\Gustavo Pavani\AppData\Local\Microsoft\WindowsApps;C:\Program Files\Java\jdk1.8.0_161\bin;c:\cygwin64\bin";C:\Program Files (x86)\Nmap;C:\Users\Gustavo Pavani\AppData\Local\Microsoft\WindowsApps;;.
2019-07-30 14:33:47,118 [myid:] - INFO  [main:Environment@100] - Client environment:java.io.tmpdir=C:\Users\Gustavo Pavani\AppData\Local\Temp\
2019-07-30 14:33:47,118 [myid:] - INFO  [main:Environment@100] - Client environment:java.compiler=<NA>
2019-07-30 14:33:47,119 [myid:] - INFO  [main:Environment@100] - Client environment:os.name=Windows 10
2019-07-30 14:33:47,119 [myid:] - INFO  [main:Environment@100] - Client environment:os.arch=amd64
2019-07-30 14:33:47,119 [myid:] - INFO  [main:Environment@100] - Client environment:os.version=10.0
2019-07-30 14:33:47,120 [myid:] - INFO  [main:Environment@100] - Client environment:user.name=Gustavo Pavani
2019-07-30 14:33:47,120 [myid:] - INFO  [main:Environment@100] - Client environment:user.home=C:\Users\Gustavo Pavani
2019-07-30 14:33:47,120 [myid:] - INFO  [main:Environment@100] - Client environment:user.dir=C:\Users\Gustavo Pavani\Documents\Ensino\MCTA025\2Q19\Lab4\Codigos
2019-07-30 14:33:47,122 [myid:] - INFO  [main:ZooKeeper@442] - Initiating client connection, connectString=localhost sessionTimeout=3000 watcher=SyncPrimitive$Lock@5910e440
2019-07-30 14:33:47,126 [myid:] - DEBUG [main:ClientCnxn@118] - zookeeper.disableAutoWatchReset is false
2019-07-30 14:33:47,276 [myid:] - DEBUG [main-SendThread(localhost:2181):SaslServerPrincipal@74] - Canonicalized address to localhost
2019-07-30 14:33:47,277 [myid:] - INFO  [main-SendThread(localhost:2181):ClientCnxn$SendThread@1025] - Opening socket connection to server localhost/127.0.0.1:2181. Will not attempt to authenticate using SASL (unknown error)
2019-07-30 14:33:47,278 [myid:] - INFO  [main-SendThread(localhost:2181):ClientCnxn$SendThread@879] - Socket connection established to localhost/127.0.0.1:2181, initiating session
2019-07-30 14:33:47,279 [myid:] - DEBUG [main-SendThread(localhost:2181):ClientCnxn$SendThread@952] - Session establishment request sent on localhost/127.0.0.1:2181
2019-07-30 14:33:47,302 [myid:] - INFO  [main-SendThread(localhost:2181):ClientCnxn$SendThread@1299] - Session establishment complete on server localhost/127.0.0.1:2181, sessionid = 0x100424339cd0007, negotiated timeout = 4000
2019-07-30 14:33:47,306 [myid:] - DEBUG [main-SendThread(localhost:2181):ClientCnxn$SendThread@846] - Reading reply sessionid:0x100424339cd0007, packet:: clientPath:null serverPath:null finished:false header:: 1,3  replyHeader:: 1,33,0  request:: '/lock,F  response:: s{23,23,1564508001601,1564508001601,0,6,0,0,0,2,32} 
2019-07-30 14:33:47,325 [myid:] - DEBUG [main-SendThread(localhost:2181):ClientCnxn$SendThread@846] - Reading reply sessionid:0x100424339cd0007, packet:: clientPath:null serverPath:null finished:false header:: 2,1  replyHeader:: 2,34,0  request:: '/lock/lock-,,v{s{31,s{'world,'anyone}}},3  response:: '/lock/lock-0000000004 
2019-07-30 14:33:47,328 [myid:] - DEBUG [main-SendThread(localhost:2181):ClientCnxn$SendThread@846] - Reading reply sessionid:0x100424339cd0007, packet:: clientPath:null serverPath:null finished:false header:: 3,8  replyHeader:: 3,34,0  request:: '/lock,F  response:: v{'lock-0000000004,'lock-0000000003,'lock-0000000002} 
2019-07-30 14:33:47,330 [myid:] - DEBUG [main-SendThread(localhost:2181):ClientCnxn$SendThread@846] - Reading reply sessionid:0x100424339cd0007, packet:: clientPath:null serverPath:null finished:false header:: 4,3  replyHeader:: 4,34,0  request:: '/lock/lock-0000000003,T  response:: s{30,30,1564508013617,1564508013617,0,0,0,72130450537906182,0,0,30} 
2019-07-30 14:33:47,892 [myid:] - DEBUG [main-SendThread(localhost:2181):ClientCnxn$SendThread@745] - Got ping response for sessionid: 0x100424339cd0005 after 0ms
2019-07-30 14:33:48,662 [myid:] - DEBUG [main-SendThread(localhost:2181):ClientCnxn$SendThread@745] - Got ping response for sessionid: 0x100424339cd0007 after 0ms
2019-07-30 14:33:49,225 [myid:] - DEBUG [main-SendThread(localhost:2181):ClientCnxn$SendThread@745] - Got ping response for sessionid: 0x100424339cd0005 after 0ms
2019-07-30 14:33:49,995 [myid:] - DEBUG [main-SendThread(localhost:2181):ClientCnxn$SendThread@745] - Got ping response for sessionid: 0x100424339cd0007 after 0ms
2019-07-30 14:33:50,558 [myid:] - DEBUG [main-SendThread(localhost:2181):ClientCnxn$SendThread@745] - Got ping response for sessionid: 0x100424339cd0005 after 0ms
2019-07-30 14:33:51,226 [myid:] - DEBUG [main-SendThread(localhost:2181):ClientCnxn$SendThread@769] - Got notification sessionid:0x100424339cd0007
2019-07-30 14:33:51,226 [myid:] - DEBUG [main-SendThread(localhost:2181):ClientCnxn$SendThread@791] - Got WatchedEvent state:SyncConnected type:NodeDeleted path:/lock/lock-0000000003 for sessionid 0x100424339cd0007
2019-07-30 14:33:51,227 [myid:] - DEBUG [main-SendThread(localhost:2181):ClientCnxn$SendThread@745] - Got ping response for sessionid: 0x100424339cd0007 after 1ms
2019-07-30 14:33:51,228 [myid:] - DEBUG [main-SendThread(localhost:2181):ClientCnxn$SendThread@846] - Reading reply sessionid:0x100424339cd0007, packet:: clientPath:null serverPath:null finished:false header:: 5,8  replyHeader:: 5,35,0  request:: '/lock,F  response:: v{'lock-0000000004,'lock-0000000002} 
2019-07-30 14:33:51,229 [myid:] - DEBUG [main-SendThread(localhost:2181):ClientCnxn$SendThread@846] - Reading reply sessionid:0x100424339cd0007, packet:: clientPath:null serverPath:null finished:false header:: 6,3  replyHeader:: 6,35,0  request:: '/lock/lock-0000000002,T  response:: s{28,28,1564508009876,1564508009876,0,0,0,72130450537906181,0,0,28} 
2019-07-30 14:33:52,562 [myid:] - DEBUG [main-SendThread(localhost:2181):ClientCnxn$SendThread@745] - Got ping response for sessionid: 0x100424339cd0007 after 0ms
2019-07-30 14:33:53,895 [myid:] - DEBUG [main-SendThread(localhost:2181):ClientCnxn$SendThread@745] - Got ping response for sessionid: 0x100424339cd0007 after 0ms
2019-07-30 14:33:55,233 [myid:] - DEBUG [main-SendThread(localhost:2181):ClientCnxn$SendThread@769] - Got notification sessionid:0x100424339cd0007
2019-07-30 14:33:55,234 [myid:] - DEBUG [main-SendThread(localhost:2181):ClientCnxn$SendThread@791] - Got WatchedEvent state:SyncConnected type:NodeDeleted path:/lock/lock-0000000002 for sessionid 0x100424339cd0007
2019-07-30 14:33:55,234 [myid:] - DEBUG [main-SendThread(localhost:2181):ClientCnxn$SendThread@745] - Got ping response for sessionid: 0x100424339cd0007 after 5ms
2019-07-30 14:33:55,235 [myid:] - DEBUG [main-SendThread(localhost:2181):ClientCnxn$SendThread@846] - Reading reply sessionid:0x100424339cd0007, packet:: clientPath:null serverPath:null finished:false header:: 7,8  replyHeader:: 7,36,0  request:: '/lock,F  response:: v{'lock-0000000004} 
2019-07-30 14:33:56,568 [myid:] - DEBUG [main-SendThread(localhost:2181):ClientCnxn$SendThread@745] - Got ping response for sessionid: 0x100424339cd0007 after 0ms
2019-07-30 14:33:57,901 [myid:] - DEBUG [main-SendThread(localhost:2181):ClientCnxn$SendThread@745] - Got ping response for sessionid: 0x100424339cd0007 after 0ms
2019-07-30 14:33:59,234 [myid:] - DEBUG [main-SendThread(localhost:2181):ClientCnxn$SendThread@745] - Got ping response for sessionid: 0x100424339cd0007 after 0ms
2019-07-30 14:34:00,569 [myid:] - DEBUG [main-SendThread(localhost:2181):ClientCnxn$SendThread@745] - Got ping response for sessionid: 0x100424339cd0007 after 0ms
2019-07-30 14:34:01,902 [myid:] - DEBUG [main-SendThread(localhost:2181):ClientCnxn$SendThread@745] - Got ping response for sessionid: 0x100424339cd0007 after 0ms
2019-07-30 14:34:01,940 [myid:] - INFO  [main:Environment@100] - Client environment:zookeeper.version=3.4.14-4c25d480e66aadd371de8bd2fd8da255ac140bcf, built on 03/06/2019 16:18 GMT
2019-07-30 14:34:01,942 [myid:] - INFO  [main:Environment@100] - Client environment:host.name=172.17.41.27
2019-07-30 14:34:01,942 [myid:] - INFO  [main:Environment@100] - Client environment:java.version=1.8.0_211
2019-07-30 14:34:01,944 [myid:] - INFO  [main:Environment@100] - Client environment:java.vendor=Oracle Corporation
2019-07-30 14:34:01,944 [myid:] - INFO  [main:Environment@100] - Client environment:java.home=C:\Program Files\Java\jre1.8.0_211
2019-07-30 14:34:01,944 [myid:] - INFO  [main:Environment@100] - Client environment:java.class.path=.;C:\temp\zookeeper-3.4.14\zookeeper-3.4.14.jar;C:\temp\zookeeper-3.4.14\lib\slf4j-log4j12-1.7.25.jar;C:\temp\zookeeper-3.4.14\lib\slf4j-api-1.7.25.jar;C:\temp\zookeeper-3.4.14\lib\log4j-1.2.17.jar
2019-07-30 14:34:01,945 [myid:] - INFO  [main:Environment@100] - Client environment:java.library.path=C:\Program Files (x86)\Common Files\Oracle\Java\javapath;C:\WINDOWS\Sun\Java\bin;C:\WINDOWS\system32;C:\WINDOWS;C:\Program Files (x86)\Common Files\Oracle\Java\javapath;C:\ProgramData\Oracle\Java\javapath;C:\Program Files (x86)\Intel\Intel(R) Management Engine Components\iCLS\;C:\Program Files\Intel\Intel(R) Management Engine Components\iCLS\;C:\WINDOWS\system32;C:\WINDOWS;C:\WINDOWS\System32\Wbem;C:\WINDOWS\System32\WindowsPowerShell\v1.0\;C:\Program Files (x86)\Intel\Intel(R) Management Engine Components\DAL;C:\Program Files\Intel\Intel(R) Management Engine Components\DAL;C:\Program Files (x86)\Intel\Intel(R) Management Engine Components\IPT;C:\Program Files\Intel\Intel(R) Management Engine Components\IPT;C:\Program Files\MiKTeX 2.9\miktex\bin\x64\;C:\Program Files\PuTTY\;C:\WINDOWS\System32\OpenSSH\;C:\Program Files\Java\jdk1.8.0_161\bin;C:\cygwin64\bin;;C:\Program Files (x86)\PDFtk\bin\;"C:\Users\Gustavo Pavani\AppData\Local\Microsoft\WindowsApps;C:\Program Files\Java\jdk1.8.0_161\bin;c:\cygwin64\bin";C:\Program Files (x86)\Nmap;C:\Users\Gustavo Pavani\AppData\Local\Microsoft\WindowsApps;;.
2019-07-30 14:34:01,946 [myid:] - INFO  [main:Environment@100] - Client environment:java.io.tmpdir=C:\Users\Gustavo Pavani\AppData\Local\Temp\
2019-07-30 14:34:01,947 [myid:] - INFO  [main:Environment@100] - Client environment:java.compiler=<NA>
2019-07-30 14:34:01,947 [myid:] - INFO  [main:Environment@100] - Client environment:os.name=Windows 10
2019-07-30 14:34:01,948 [myid:] - INFO  [main:Environment@100] - Client environment:os.arch=amd64
2019-07-30 14:34:01,948 [myid:] - INFO  [main:Environment@100] - Client environment:os.version=10.0
2019-07-30 14:34:01,949 [myid:] - INFO  [main:Environment@100] - Client environment:user.name=Gustavo Pavani
2019-07-30 14:34:01,949 [myid:] - INFO  [main:Environment@100] - Client environment:user.home=C:\Users\Gustavo Pavani
2019-07-30 14:34:01,949 [myid:] - INFO  [main:Environment@100] - Client environment:user.dir=C:\Users\Gustavo Pavani\Documents\Ensino\MCTA025\2Q19\Lab4\Codigos
2019-07-30 14:34:01,951 [myid:] - INFO  [main:ZooKeeper@442] - Initiating client connection, connectString=localhost sessionTimeout=3000 watcher=SyncPrimitive$Lock@5910e440
2019-07-30 14:34:01,955 [myid:] - DEBUG [main:ClientCnxn@118] - zookeeper.disableAutoWatchReset is false
2019-07-30 14:34:02,102 [myid:] - DEBUG [main-SendThread(localhost:2181):SaslServerPrincipal@74] - Canonicalized address to localhost
2019-07-30 14:34:02,103 [myid:] - INFO  [main-SendThread(localhost:2181):ClientCnxn$SendThread@1025] - Opening socket connection to server localhost/0:0:0:0:0:0:0:1:2181. Will not attempt to authenticate using SASL (unknown error)
2019-07-30 14:34:02,104 [myid:] - INFO  [main-SendThread(localhost:2181):ClientCnxn$SendThread@879] - Socket connection established to localhost/0:0:0:0:0:0:0:1:2181, initiating session
2019-07-30 14:34:02,106 [myid:] - DEBUG [main-SendThread(localhost:2181):ClientCnxn$SendThread@952] - Session establishment request sent on localhost/0:0:0:0:0:0:0:1:2181
2019-07-30 14:34:02,116 [myid:] - INFO  [main-SendThread(localhost:2181):ClientCnxn$SendThread@1299] - Session establishment complete on server localhost/0:0:0:0:0:0:0:1:2181, sessionid = 0x100424339cd0008, negotiated timeout = 4000
2019-07-30 14:34:02,116 [myid:] - DEBUG [main-SendThread(localhost:2181):ClientCnxn$SendThread@846] - Reading reply sessionid:0x100424339cd0008, packet:: clientPath:null serverPath:null finished:false header:: 1,3  replyHeader:: 1,37,0  request:: '/lock,F  response:: s{23,23,1564508001601,1564508001601,0,9,0,0,0,1,36} 
2019-07-30 14:34:02,150 [myid:] - DEBUG [main-SendThread(localhost:2181):ClientCnxn$SendThread@846] - Reading reply sessionid:0x100424339cd0008, packet:: clientPath:null serverPath:null finished:false header:: 2,1  replyHeader:: 2,38,0  request:: '/lock/lock-,,v{s{31,s{'world,'anyone}}},3  response:: '/lock/lock-0000000005 
2019-07-30 14:34:02,153 [myid:] - DEBUG [main-SendThread(localhost:2181):ClientCnxn$SendThread@846] - Reading reply sessionid:0x100424339cd0008, packet:: clientPath:null serverPath:null finished:false header:: 3,8  replyHeader:: 3,38,0  request:: '/lock,F  response:: v{'lock-0000000005,'lock-0000000004} 
2019-07-30 14:34:02,155 [myid:] - DEBUG [main-SendThread(localhost:2181):ClientCnxn$SendThread@846] - Reading reply sessionid:0x100424339cd0008, packet:: clientPath:null serverPath:null finished:false header:: 4,3  replyHeader:: 4,38,0  request:: '/lock/lock-0000000004,T  response:: s{34,34,1564508027309,1564508027309,0,0,0,72130450537906183,0,0,34} 
2019-07-30 14:34:03,235 [myid:] - DEBUG [main-SendThread(localhost:2181):ClientCnxn$SendThread@745] - Got ping response for sessionid: 0x100424339cd0007 after 0ms
2019-07-30 14:34:03,489 [myid:] - DEBUG [main-SendThread(localhost:2181):ClientCnxn$SendThread@745] - Got ping response for sessionid: 0x100424339cd0008 after 0ms
2019-07-30 14:34:04,493 [myid:] - INFO  [main:Environment@100] - Client environment:zookeeper.version=3.4.14-4c25d480e66aadd371de8bd2fd8da255ac140bcf, built on 03/06/2019 16:18 GMT
2019-07-30 14:34:04,493 [myid:] - INFO  [main:Environment@100] - Client environment:host.name=172.17.41.27
2019-07-30 14:34:04,493 [myid:] - INFO  [main:Environment@100] - Client environment:java.version=1.8.0_211
2019-07-30 14:34:04,493 [myid:] - INFO  [main:Environment@100] - Client environment:java.vendor=Oracle Corporation
2019-07-30 14:34:04,493 [myid:] - INFO  [main:Environment@100] - Client environment:java.home=C:\Program Files\Java\jre1.8.0_211
2019-07-30 14:34:04,493 [myid:] - INFO  [main:Environment@100] - Client environment:java.class.path=.;C:\temp\zookeeper-3.4.14\zookeeper-3.4.14.jar;C:\temp\zookeeper-3.4.14\lib\slf4j-log4j12-1.7.25.jar;C:\temp\zookeeper-3.4.14\lib\slf4j-api-1.7.25.jar;C:\temp\zookeeper-3.4.14\lib\log4j-1.2.17.jar
2019-07-30 14:34:04,493 [myid:] - INFO  [main:Environment@100] - Client environment:java.library.path=C:\Program Files (x86)\Common Files\Oracle\Java\javapath;C:\WINDOWS\Sun\Java\bin;C:\WINDOWS\system32;C:\WINDOWS;C:\Program Files (x86)\Common Files\Oracle\Java\javapath;C:\ProgramData\Oracle\Java\javapath;C:\Program Files (x86)\Intel\Intel(R) Management Engine Components\iCLS\;C:\Program Files\Intel\Intel(R) Management Engine Components\iCLS\;C:\WINDOWS\system32;C:\WINDOWS;C:\WINDOWS\System32\Wbem;C:\WINDOWS\System32\WindowsPowerShell\v1.0\;C:\Program Files (x86)\Intel\Intel(R) Management Engine Components\DAL;C:\Program Files\Intel\Intel(R) Management Engine Components\DAL;C:\Program Files (x86)\Intel\Intel(R) Management Engine Components\IPT;C:\Program Files\Intel\Intel(R) Management Engine Components\IPT;C:\Program Files\MiKTeX 2.9\miktex\bin\x64\;C:\Program Files\PuTTY\;C:\WINDOWS\System32\OpenSSH\;C:\Program Files\Java\jdk1.8.0_161\bin;C:\cygwin64\bin;;C:\Program Files (x86)\PDFtk\bin\;"C:\Users\Gustavo Pavani\AppData\Local\Microsoft\WindowsApps;C:\Program Files\Java\jdk1.8.0_161\bin;c:\cygwin64\bin";C:\Program Files (x86)\Nmap;C:\Users\Gustavo Pavani\AppData\Local\Microsoft\WindowsApps;;.
2019-07-30 14:34:04,493 [myid:] - INFO  [main:Environment@100] - Client environment:java.io.tmpdir=C:\Users\Gustavo Pavani\AppData\Local\Temp\
2019-07-30 14:34:04,493 [myid:] - INFO  [main:Environment@100] - Client environment:java.compiler=<NA>
2019-07-30 14:34:04,493 [myid:] - INFO  [main:Environment@100] - Client environment:os.name=Windows 10
2019-07-30 14:34:04,493 [myid:] - INFO  [main:Environment@100] - Client environment:os.arch=amd64
2019-07-30 14:34:04,493 [myid:] - INFO  [main:Environment@100] - Client environment:os.version=10.0
2019-07-30 14:34:04,493 [myid:] - INFO  [main:Environment@100] - Client environment:user.name=Gustavo Pavani
2019-07-30 14:34:04,508 [myid:] - INFO  [main:Environment@100] - Client environment:user.home=C:\Users\Gustavo Pavani
2019-07-30 14:34:04,508 [myid:] - INFO  [main:Environment@100] - Client environment:user.dir=C:\Users\Gustavo Pavani\Documents\Ensino\MCTA025\2Q19\Lab4\Codigos
2019-07-30 14:34:04,509 [myid:] - INFO  [main:ZooKeeper@442] - Initiating client connection, connectString=localhost sessionTimeout=3000 watcher=SyncPrimitive$Lock@5910e440
2019-07-30 14:34:04,513 [myid:] - DEBUG [main:ClientCnxn@118] - zookeeper.disableAutoWatchReset is false
2019-07-30 14:34:04,570 [myid:] - DEBUG [main-SendThread(localhost:2181):ClientCnxn$SendThread@745] - Got ping response for sessionid: 0x100424339cd0007 after 1ms
2019-07-30 14:34:04,662 [myid:] - DEBUG [main-SendThread(localhost:2181):SaslServerPrincipal@74] - Canonicalized address to localhost
2019-07-30 14:34:04,662 [myid:] - INFO  [main-SendThread(localhost:2181):ClientCnxn$SendThread@1025] - Opening socket connection to server localhost/127.0.0.1:2181. Will not attempt to authenticate using SASL (unknown error)
2019-07-30 14:34:04,662 [myid:] - INFO  [main-SendThread(localhost:2181):ClientCnxn$SendThread@879] - Socket connection established to localhost/127.0.0.1:2181, initiating session
2019-07-30 14:34:04,662 [myid:] - DEBUG [main-SendThread(localhost:2181):ClientCnxn$SendThread@952] - Session establishment request sent on localhost/127.0.0.1:2181
2019-07-30 14:34:04,692 [myid:] - INFO  [main-SendThread(localhost:2181):ClientCnxn$SendThread@1299] - Session establishment complete on server localhost/127.0.0.1:2181, sessionid = 0x100424339cd0009, negotiated timeout = 4000
2019-07-30 14:34:04,696 [myid:] - DEBUG [main-SendThread(localhost:2181):ClientCnxn$SendThread@846] - Reading reply sessionid:0x100424339cd0009, packet:: clientPath:null serverPath:null finished:false header:: 1,3  replyHeader:: 1,39,0  request:: '/lock,F  response:: s{23,23,1564508001601,1564508001601,0,10,0,0,0,2,38} 
2019-07-30 14:34:04,717 [myid:] - DEBUG [main-SendThread(localhost:2181):ClientCnxn$SendThread@846] - Reading reply sessionid:0x100424339cd0009, packet:: clientPath:null serverPath:null finished:false header:: 2,1  replyHeader:: 2,40,0  request:: '/lock/lock-,,v{s{31,s{'world,'anyone}}},3  response:: '/lock/lock-0000000006 
2019-07-30 14:34:04,719 [myid:] - DEBUG [main-SendThread(localhost:2181):ClientCnxn$SendThread@846] - Reading reply sessionid:0x100424339cd0009, packet:: clientPath:null serverPath:null finished:false header:: 3,8  replyHeader:: 3,40,0  request:: '/lock,F  response:: v{'lock-0000000006,'lock-0000000005,'lock-0000000004} 
2019-07-30 14:34:04,719 [myid:] - DEBUG [main-SendThread(localhost:2181):ClientCnxn$SendThread@846] - Reading reply sessionid:0x100424339cd0009, packet:: clientPath:null serverPath:null finished:false header:: 4,3  replyHeader:: 4,40,0  request:: '/lock/lock-0000000005,T  response:: s{38,38,1564508042133,1564508042133,0,0,0,72130450537906184,0,0,38} 
2019-07-30 14:34:04,823 [myid:] - DEBUG [main-SendThread(localhost:2181):ClientCnxn$SendThread@745] - Got ping response for sessionid: 0x100424339cd0008 after 0ms
2019-07-30 14:34:06,052 [myid:] - DEBUG [main-SendThread(localhost:2181):ClientCnxn$SendThread@745] - Got ping response for sessionid: 0x100424339cd0009 after 0ms
2019-07-30 14:34:06,157 [myid:] - DEBUG [main-SendThread(localhost:2181):ClientCnxn$SendThread@745] - Got ping response for sessionid: 0x100424339cd0008 after 0ms
2019-07-30 14:34:06,798 [myid:] - INFO  [main:Environment@100] - Client environment:zookeeper.version=3.4.14-4c25d480e66aadd371de8bd2fd8da255ac140bcf, built on 03/06/2019 16:18 GMT
2019-07-30 14:34:06,801 [myid:] - INFO  [main:Environment@100] - Client environment:host.name=172.17.41.27
2019-07-30 14:34:06,802 [myid:] - INFO  [main:Environment@100] - Client environment:java.version=1.8.0_211
2019-07-30 14:34:06,803 [myid:] - INFO  [main:Environment@100] - Client environment:java.vendor=Oracle Corporation
2019-07-30 14:34:06,803 [myid:] - INFO  [main:Environment@100] - Client environment:java.home=C:\Program Files\Java\jre1.8.0_211
2019-07-30 14:34:06,804 [myid:] - INFO  [main:Environment@100] - Client environment:java.class.path=.;C:\temp\zookeeper-3.4.14\zookeeper-3.4.14.jar;C:\temp\zookeeper-3.4.14\lib\slf4j-log4j12-1.7.25.jar;C:\temp\zookeeper-3.4.14\lib\slf4j-api-1.7.25.jar;C:\temp\zookeeper-3.4.14\lib\log4j-1.2.17.jar
2019-07-30 14:34:06,804 [myid:] - INFO  [main:Environment@100] - Client environment:java.library.path=C:\Program Files (x86)\Common Files\Oracle\Java\javapath;C:\WINDOWS\Sun\Java\bin;C:\WINDOWS\system32;C:\WINDOWS;C:\Program Files (x86)\Common Files\Oracle\Java\javapath;C:\ProgramData\Oracle\Java\javapath;C:\Program Files (x86)\Intel\Intel(R) Management Engine Components\iCLS\;C:\Program Files\Intel\Intel(R) Management Engine Components\iCLS\;C:\WINDOWS\system32;C:\WINDOWS;C:\WINDOWS\System32\Wbem;C:\WINDOWS\System32\WindowsPowerShell\v1.0\;C:\Program Files (x86)\Intel\Intel(R) Management Engine Components\DAL;C:\Program Files\Intel\Intel(R) Management Engine Components\DAL;C:\Program Files (x86)\Intel\Intel(R) Management Engine Components\IPT;C:\Program Files\Intel\Intel(R) Management Engine Components\IPT;C:\Program Files\MiKTeX 2.9\miktex\bin\x64\;C:\Program Files\PuTTY\;C:\WINDOWS\System32\OpenSSH\;C:\Program Files\Java\jdk1.8.0_161\bin;C:\cygwin64\bin;;C:\Program Files (x86)\PDFtk\bin\;"C:\Users\Gustavo Pavani\AppData\Local\Microsoft\WindowsApps;C:\Program Files\Java\jdk1.8.0_161\bin;c:\cygwin64\bin";C:\Program Files (x86)\Nmap;C:\Users\Gustavo Pavani\AppData\Local\Microsoft\WindowsApps;;.
2019-07-30 14:34:06,805 [myid:] - INFO  [main:Environment@100] - Client environment:java.io.tmpdir=C:\Users\Gustavo Pavani\AppData\Local\Temp\
2019-07-30 14:34:06,806 [myid:] - INFO  [main:Environment@100] - Client environment:java.compiler=<NA>
2019-07-30 14:34:06,806 [myid:] - INFO  [main:Environment@100] - Client environment:os.name=Windows 10
2019-07-30 14:34:06,807 [myid:] - INFO  [main:Environment@100] - Client environment:os.arch=amd64
2019-07-30 14:34:06,807 [myid:] - INFO  [main:Environment@100] - Client environment:os.version=10.0
2019-07-30 14:34:06,808 [myid:] - INFO  [main:Environment@100] - Client environment:user.name=Gustavo Pavani
2019-07-30 14:34:06,808 [myid:] - INFO  [main:Environment@100] - Client environment:user.home=C:\Users\Gustavo Pavani
2019-07-30 14:34:06,809 [myid:] - INFO  [main:Environment@100] - Client environment:user.dir=C:\Users\Gustavo Pavani\Documents\Ensino\MCTA025\2Q19\Lab4\Codigos
2019-07-30 14:34:06,810 [myid:] - INFO  [main:ZooKeeper@442] - Initiating client connection, connectString=localhost sessionTimeout=3000 watcher=SyncPrimitive$Lock@5910e440
2019-07-30 14:34:06,814 [myid:] - DEBUG [main:ClientCnxn@118] - zookeeper.disableAutoWatchReset is false
2019-07-30 14:34:06,957 [myid:] - DEBUG [main-SendThread(localhost:2181):SaslServerPrincipal@74] - Canonicalized address to localhost
2019-07-30 14:34:06,958 [myid:] - INFO  [main-SendThread(localhost:2181):ClientCnxn$SendThread@1025] - Opening socket connection to server localhost/127.0.0.1:2181. Will not attempt to authenticate using SASL (unknown error)
2019-07-30 14:34:06,959 [myid:] - INFO  [main-SendThread(localhost:2181):ClientCnxn$SendThread@879] - Socket connection established to localhost/127.0.0.1:2181, initiating session
2019-07-30 14:34:06,960 [myid:] - DEBUG [main-SendThread(localhost:2181):ClientCnxn$SendThread@952] - Session establishment request sent on localhost/127.0.0.1:2181
2019-07-30 14:34:06,984 [myid:] - INFO  [main-SendThread(localhost:2181):ClientCnxn$SendThread@1299] - Session establishment complete on server localhost/127.0.0.1:2181, sessionid = 0x100424339cd000a, negotiated timeout = 4000
2019-07-30 14:34:06,989 [myid:] - DEBUG [main-SendThread(localhost:2181):ClientCnxn$SendThread@846] - Reading reply sessionid:0x100424339cd000a, packet:: clientPath:null serverPath:null finished:false header:: 1,3  replyHeader:: 1,41,0  request:: '/lock,F  response:: s{23,23,1564508001601,1564508001601,0,11,0,0,0,3,40} 
2019-07-30 14:34:07,059 [myid:] - DEBUG [main-SendThread(localhost:2181):ClientCnxn$SendThread@846] - Reading reply sessionid:0x100424339cd000a, packet:: clientPath:null serverPath:null finished:false header:: 2,1  replyHeader:: 2,42,0  request:: '/lock/lock-,,v{s{31,s{'world,'anyone}}},3  response:: '/lock/lock-0000000007 
2019-07-30 14:34:07,061 [myid:] - DEBUG [main-SendThread(localhost:2181):ClientCnxn$SendThread@846] - Reading reply sessionid:0x100424339cd000a, packet:: clientPath:null serverPath:null finished:false header:: 3,8  replyHeader:: 3,42,0  request:: '/lock,F  response:: v{'lock-0000000007,'lock-0000000006,'lock-0000000005,'lock-0000000004} 
2019-07-30 14:34:07,063 [myid:] - DEBUG [main-SendThread(localhost:2181):ClientCnxn$SendThread@846] - Reading reply sessionid:0x100424339cd000a, packet:: clientPath:null serverPath:null finished:false header:: 4,3  replyHeader:: 4,42,0  request:: '/lock/lock-0000000006,T  response:: s{40,40,1564508044699,1564508044699,0,0,0,72130450537906185,0,0,40} 
2019-07-30 14:34:07,385 [myid:] - DEBUG [main-SendThread(localhost:2181):ClientCnxn$SendThread@745] - Got ping response for sessionid: 0x100424339cd0009 after 0ms
2019-07-30 14:34:07,490 [myid:] - DEBUG [main-SendThread(localhost:2181):ClientCnxn$SendThread@745] - Got ping response for sessionid: 0x100424339cd0008 after 0ms
2019-07-30 14:34:08,398 [myid:] - DEBUG [main-SendThread(localhost:2181):ClientCnxn$SendThread@745] - Got ping response for sessionid: 0x100424339cd000a after 0ms
2019-07-30 14:34:08,823 [myid:] - DEBUG [main-SendThread(localhost:2181):ClientCnxn$SendThread@745] - Got ping response for sessionid: 0x100424339cd0008 after 0ms
2019-07-30 14:34:09,241 [myid:] - DEBUG [main-SendThread(localhost:2181):ClientCnxn$SendThread@769] - Got notification sessionid:0x100424339cd0008
2019-07-30 14:34:09,242 [myid:] - DEBUG [main-SendThread(localhost:2181):ClientCnxn$SendThread@791] - Got WatchedEvent state:SyncConnected type:NodeDeleted path:/lock/lock-0000000004 for sessionid 0x100424339cd0008
2019-07-30 14:34:09,244 [myid:] - DEBUG [main-SendThread(localhost:2181):ClientCnxn$SendThread@846] - Reading reply sessionid:0x100424339cd0008, packet:: clientPath:null serverPath:null finished:false header:: 5,8  replyHeader:: 5,43,0  request:: '/lock,F  response:: v{'lock-0000000007,'lock-0000000006,'lock-0000000005} 
2019-07-30 14:34:09,732 [myid:] - DEBUG [main-SendThread(localhost:2181):ClientCnxn$SendThread@745] - Got ping response for sessionid: 0x100424339cd000a after 0ms
2019-07-30 14:34:10,581 [myid:] - DEBUG [main-SendThread(localhost:2181):ClientCnxn$SendThread@745] - Got ping response for sessionid: 0x100424339cd0008 after 0ms
2019-07-30 14:34:11,064 [myid:] - DEBUG [main-SendThread(localhost:2181):ClientCnxn$SendThread@745] - Got ping response for sessionid: 0x100424339cd000a after 0ms
2019-07-30 14:34:11,914 [myid:] - DEBUG [main-SendThread(localhost:2181):ClientCnxn$SendThread@745] - Got ping response for sessionid: 0x100424339cd0008 after 0ms
2019-07-30 14:34:12,397 [myid:] - DEBUG [main-SendThread(localhost:2181):ClientCnxn$SendThread@745] - Got ping response for sessionid: 0x100424339cd000a after 0ms
2019-07-30 14:34:13,224 [myid:] - DEBUG [main-SendThread(localhost:2181):ClientCnxn$SendThread@769] - Got notification sessionid:0x100424339cd000a
2019-07-30 14:34:13,225 [myid:] - DEBUG [main-SendThread(localhost:2181):ClientCnxn$SendThread@791] - Got WatchedEvent state:SyncConnected type:NodeDeleted path:/lock/lock-0000000006 for sessionid 0x100424339cd000a
2019-07-30 14:34:13,226 [myid:] - DEBUG [main-SendThread(localhost:2181):ClientCnxn$SendThread@846] - Reading reply sessionid:0x100424339cd000a, packet:: clientPath:null serverPath:null finished:false header:: 5,8  replyHeader:: 5,44,0  request:: '/lock,F  response:: v{'lock-0000000007,'lock-0000000005} 
2019-07-30 14:34:13,228 [myid:] - DEBUG [main-SendThread(localhost:2181):ClientCnxn$SendThread@846] - Reading reply sessionid:0x100424339cd000a, packet:: clientPath:null serverPath:null finished:false header:: 6,3  replyHeader:: 6,44,0  request:: '/lock/lock-0000000005,T  response:: s{38,38,1564508042133,1564508042133,0,0,0,72130450537906184,0,0,38} 
2019-07-30 14:34:13,247 [myid:] - DEBUG [main-SendThread(localhost:2181):ClientCnxn$SendThread@745] - Got ping response for sessionid: 0x100424339cd0008 after 0ms
2019-07-30 14:34:14,560 [myid:] - DEBUG [main-SendThread(localhost:2181):ClientCnxn$SendThread@745] - Got ping response for sessionid: 0x100424339cd000a after 0ms
2019-07-30 14:34:14,580 [myid:] - DEBUG [main-SendThread(localhost:2181):ClientCnxn$SendThread@745] - Got ping response for sessionid: 0x100424339cd0008 after 0ms
2019-07-30 14:34:15,893 [myid:] - DEBUG [main-SendThread(localhost:2181):ClientCnxn$SendThread@745] - Got ping response for sessionid: 0x100424339cd000a after 0ms
2019-07-30 14:34:15,914 [myid:] - DEBUG [main-SendThread(localhost:2181):ClientCnxn$SendThread@745] - Got ping response for sessionid: 0x100424339cd0008 after 0ms
2019-07-30 14:34:17,226 [myid:] - DEBUG [main-SendThread(localhost:2181):ClientCnxn$SendThread@745] - Got ping response for sessionid: 0x100424339cd000a after 0ms
2019-07-30 14:34:17,247 [myid:] - DEBUG [main-SendThread(localhost:2181):ClientCnxn$SendThread@745] - Got ping response for sessionid: 0x100424339cd0008 after 0ms
2019-07-30 14:34:18,559 [myid:] - DEBUG [main-SendThread(localhost:2181):ClientCnxn$SendThread@745] - Got ping response for sessionid: 0x100424339cd000a after 0ms
2019-07-30 14:34:18,580 [myid:] - DEBUG [main-SendThread(localhost:2181):ClientCnxn$SendThread@745] - Got ping response for sessionid: 0x100424339cd0008 after 0ms
2019-07-30 14:34:19,905 [myid:] - DEBUG [main-SendThread(localhost:2181):ClientCnxn$SendThread@745] - Got ping response for sessionid: 0x100424339cd000a after 0ms
2019-07-30 14:34:21,238 [myid:] - DEBUG [main-SendThread(localhost:2181):ClientCnxn$SendThread@745] - Got ping response for sessionid: 0x100424339cd000a after 0ms
2019-07-30 14:34:22,572 [myid:] - DEBUG [main-SendThread(localhost:2181):ClientCnxn$SendThread@745] - Got ping response for sessionid: 0x100424339cd000a after 0ms
2019-07-30 14:34:23,227 [myid:] - DEBUG [main-SendThread(localhost:2181):ClientCnxn$SendThread@769] - Got notification sessionid:0x100424339cd000a
2019-07-30 14:34:23,227 [myid:] - DEBUG [main-SendThread(localhost:2181):ClientCnxn$SendThread@791] - Got WatchedEvent state:SyncConnected type:NodeDeleted path:/lock/lock-0000000005 for sessionid 0x100424339cd000a
2019-07-30 14:34:23,227 [myid:] - DEBUG [main-SendThread(localhost:2181):ClientCnxn$SendThread@846] - Reading reply sessionid:0x100424339cd000a, packet:: clientPath:null serverPath:null finished:false header:: 7,8  replyHeader:: 7,45,0  request:: '/lock,F  response:: v{'lock-0000000007} 
2019-07-30 14:34:24,560 [myid:] - DEBUG [main-SendThread(localhost:2181):ClientCnxn$SendThread@745] - Got ping response for sessionid: 0x100424339cd000a after 0ms
2019-07-30 14:34:25,894 [myid:] - DEBUG [main-SendThread(localhost:2181):ClientCnxn$SendThread@745] - Got ping response for sessionid: 0x100424339cd000a after 0ms
2019-07-30 14:34:27,226 [myid:] - DEBUG [main-SendThread(localhost:2181):ClientCnxn$SendThread@745] - Got ping response for sessionid: 0x100424339cd000a after 0ms
2019-07-30 14:34:28,559 [myid:] - DEBUG [main-SendThread(localhost:2181):ClientCnxn$SendThread@745] - Got ping response for sessionid: 0x100424339cd000a after 0ms
2019-07-30 14:34:29,892 [myid:] - DEBUG [main-SendThread(localhost:2181):ClientCnxn$SendThread@745] - Got ping response for sessionid: 0x100424339cd000a after 0ms
2019-07-30 14:34:31,225 [myid:] - DEBUG [main-SendThread(localhost:2181):ClientCnxn$SendThread@745] - Got ping response for sessionid: 0x100424339cd000a after 0ms
2019-07-30 14:34:32,557 [myid:] - DEBUG [main-SendThread(localhost:2181):ClientCnxn$SendThread@745] - Got ping response for sessionid: 0x100424339cd000a after 0ms
2019-07-30 14:34:42,350 [myid:] - INFO  [main:Environment@100] - Client environment:zookeeper.version=3.4.14-4c25d480e66aadd371de8bd2fd8da255ac140bcf, built on 03/06/2019 16:18 GMT
2019-07-30 14:34:42,353 [myid:] - INFO  [main:Environment@100] - Client environment:host.name=172.17.41.27
2019-07-30 14:34:42,353 [myid:] - INFO  [main:Environment@100] - Client environment:java.version=1.8.0_211
2019-07-30 14:34:42,354 [myid:] - INFO  [main:Environment@100] - Client environment:java.vendor=Oracle Corporation
2019-07-30 14:34:42,355 [myid:] - INFO  [main:Environment@100] - Client environment:java.home=C:\Program Files\Java\jre1.8.0_211
2019-07-30 14:34:42,355 [myid:] - INFO  [main:Environment@100] - Client environment:java.class.path=.;C:\temp\zookeeper-3.4.14\zookeeper-3.4.14.jar;C:\temp\zookeeper-3.4.14\lib\slf4j-log4j12-1.7.25.jar;C:\temp\zookeeper-3.4.14\lib\slf4j-api-1.7.25.jar;C:\temp\zookeeper-3.4.14\lib\log4j-1.2.17.jar
2019-07-30 14:34:42,355 [myid:] - INFO  [main:Environment@100] - Client environment:java.library.path=C:\Program Files (x86)\Common Files\Oracle\Java\javapath;C:\WINDOWS\Sun\Java\bin;C:\WINDOWS\system32;C:\WINDOWS;C:\Program Files (x86)\Common Files\Oracle\Java\javapath;C:\ProgramData\Oracle\Java\javapath;C:\Program Files (x86)\Intel\Intel(R) Management Engine Components\iCLS\;C:\Program Files\Intel\Intel(R) Management Engine Components\iCLS\;C:\WINDOWS\system32;C:\WINDOWS;C:\WINDOWS\System32\Wbem;C:\WINDOWS\System32\WindowsPowerShell\v1.0\;C:\Program Files (x86)\Intel\Intel(R) Management Engine Components\DAL;C:\Program Files\Intel\Intel(R) Management Engine Components\DAL;C:\Program Files (x86)\Intel\Intel(R) Management Engine Components\IPT;C:\Program Files\Intel\Intel(R) Management Engine Components\IPT;C:\Program Files\MiKTeX 2.9\miktex\bin\x64\;C:\Program Files\PuTTY\;C:\WINDOWS\System32\OpenSSH\;C:\Program Files\Java\jdk1.8.0_161\bin;C:\cygwin64\bin;;C:\Program Files (x86)\PDFtk\bin\;"C:\Users\Gustavo Pavani\AppData\Local\Microsoft\WindowsApps;C:\Program Files\Java\jdk1.8.0_161\bin;c:\cygwin64\bin";C:\Program Files (x86)\Nmap;C:\Users\Gustavo Pavani\AppData\Local\Microsoft\WindowsApps;;.
2019-07-30 14:34:42,356 [myid:] - INFO  [main:Environment@100] - Client environment:java.io.tmpdir=C:\Users\Gustavo Pavani\AppData\Local\Temp\
2019-07-30 14:34:42,357 [myid:] - INFO  [main:Environment@100] - Client environment:java.compiler=<NA>
2019-07-30 14:34:42,357 [myid:] - INFO  [main:Environment@100] - Client environment:os.name=Windows 10
2019-07-30 14:34:42,358 [myid:] - INFO  [main:Environment@100] - Client environment:os.arch=amd64
2019-07-30 14:34:42,358 [myid:] - INFO  [main:Environment@100] - Client environment:os.version=10.0
2019-07-30 14:34:42,358 [myid:] - INFO  [main:Environment@100] - Client environment:user.name=Gustavo Pavani
2019-07-30 14:34:42,358 [myid:] - INFO  [main:Environment@100] - Client environment:user.home=C:\Users\Gustavo Pavani
2019-07-30 14:34:42,359 [myid:] - INFO  [main:Environment@100] - Client environment:user.dir=C:\Users\Gustavo Pavani\Documents\Ensino\MCTA025\2Q19\Lab4\Codigos
2019-07-30 14:34:42,360 [myid:] - INFO  [main:ZooKeeper@442] - Initiating client connection, connectString=localhost sessionTimeout=3000 watcher=SyncPrimitive$Queue@5910e440
2019-07-30 14:34:42,365 [myid:] - DEBUG [main:ClientCnxn@118] - zookeeper.disableAutoWatchReset is false
2019-07-30 14:34:42,500 [myid:] - DEBUG [main-SendThread(localhost:2181):SaslServerPrincipal@74] - Canonicalized address to localhost
2019-07-30 14:34:42,501 [myid:] - INFO  [main-SendThread(localhost:2181):ClientCnxn$SendThread@1025] - Opening socket connection to server localhost/127.0.0.1:2181. Will not attempt to authenticate using SASL (unknown error)
2019-07-30 14:34:42,502 [myid:] - INFO  [main-SendThread(localhost:2181):ClientCnxn$SendThread@879] - Socket connection established to localhost/127.0.0.1:2181, initiating session
2019-07-30 14:34:42,503 [myid:] - DEBUG [main-SendThread(localhost:2181):ClientCnxn$SendThread@952] - Session establishment request sent on localhost/127.0.0.1:2181
2019-07-30 14:34:42,529 [myid:] - INFO  [main-SendThread(localhost:2181):ClientCnxn$SendThread@1299] - Session establishment complete on server localhost/127.0.0.1:2181, sessionid = 0x100424339cd000b, negotiated timeout = 4000
2019-07-30 14:34:42,538 [myid:] - DEBUG [main-SendThread(localhost:2181):ClientCnxn$SendThread@846] - Reading reply sessionid:0x100424339cd000b, packet:: clientPath:null serverPath:null finished:false header:: 1,3  replyHeader:: 1,47,-101  request:: '/app3,F  response::  
2019-07-30 14:34:42,566 [myid:] - DEBUG [main-SendThread(localhost:2181):ClientCnxn$SendThread@846] - Reading reply sessionid:0x100424339cd000b, packet:: clientPath:null serverPath:null finished:false header:: 2,1  replyHeader:: 2,48,0  request:: '/app3,,v{s{31,s{'world,'anyone}}},0  response:: '/app3 
2019-07-30 14:34:42,570 [myid:] - DEBUG [main-SendThread(localhost:2181):ClientCnxn$SendThread@846] - Reading reply sessionid:0x100424339cd000b, packet:: clientPath:null serverPath:null finished:false header:: 3,8  replyHeader:: 3,48,0  request:: '/app3,T  response:: v{} 
2019-07-30 14:34:43,905 [myid:] - DEBUG [main-SendThread(localhost:2181):ClientCnxn$SendThread@745] - Got ping response for sessionid: 0x100424339cd000b after 1ms
2019-07-30 14:34:45,237 [myid:] - DEBUG [main-SendThread(localhost:2181):ClientCnxn$SendThread@745] - Got ping response for sessionid: 0x100424339cd000b after 0ms
2019-07-30 14:34:46,571 [myid:] - DEBUG [main-SendThread(localhost:2181):ClientCnxn$SendThread@745] - Got ping response for sessionid: 0x100424339cd000b after 0ms
2019-07-30 14:34:46,575 [myid:] - INFO  [main:Environment@100] - Client environment:zookeeper.version=3.4.14-4c25d480e66aadd371de8bd2fd8da255ac140bcf, built on 03/06/2019 16:18 GMT
2019-07-30 14:34:46,579 [myid:] - INFO  [main:Environment@100] - Client environment:host.name=172.17.41.27
2019-07-30 14:34:46,579 [myid:] - INFO  [main:Environment@100] - Client environment:java.version=1.8.0_211
2019-07-30 14:34:46,580 [myid:] - INFO  [main:Environment@100] - Client environment:java.vendor=Oracle Corporation
2019-07-30 14:34:46,581 [myid:] - INFO  [main:Environment@100] - Client environment:java.home=C:\Program Files\Java\jre1.8.0_211
2019-07-30 14:34:46,581 [myid:] - INFO  [main:Environment@100] - Client environment:java.class.path=.;C:\temp\zookeeper-3.4.14\zookeeper-3.4.14.jar;C:\temp\zookeeper-3.4.14\lib\slf4j-log4j12-1.7.25.jar;C:\temp\zookeeper-3.4.14\lib\slf4j-api-1.7.25.jar;C:\temp\zookeeper-3.4.14\lib\log4j-1.2.17.jar
2019-07-30 14:34:46,581 [myid:] - INFO  [main:Environment@100] - Client environment:java.library.path=C:\Program Files (x86)\Common Files\Oracle\Java\javapath;C:\WINDOWS\Sun\Java\bin;C:\WINDOWS\system32;C:\WINDOWS;C:\Program Files (x86)\Common Files\Oracle\Java\javapath;C:\ProgramData\Oracle\Java\javapath;C:\Program Files (x86)\Intel\Intel(R) Management Engine Components\iCLS\;C:\Program Files\Intel\Intel(R) Management Engine Components\iCLS\;C:\WINDOWS\system32;C:\WINDOWS;C:\WINDOWS\System32\Wbem;C:\WINDOWS\System32\WindowsPowerShell\v1.0\;C:\Program Files (x86)\Intel\Intel(R) Management Engine Components\DAL;C:\Program Files\Intel\Intel(R) Management Engine Components\DAL;C:\Program Files (x86)\Intel\Intel(R) Management Engine Components\IPT;C:\Program Files\Intel\Intel(R) Management Engine Components\IPT;C:\Program Files\MiKTeX 2.9\miktex\bin\x64\;C:\Program Files\PuTTY\;C:\WINDOWS\System32\OpenSSH\;C:\Program Files\Java\jdk1.8.0_161\bin;C:\cygwin64\bin;;C:\Program Files (x86)\PDFtk\bin\;"C:\Users\Gustavo Pavani\AppData\Local\Microsoft\WindowsApps;C:\Program Files\Java\jdk1.8.0_161\bin;c:\cygwin64\bin";C:\Program Files (x86)\Nmap;C:\Users\Gustavo Pavani\AppData\Local\Microsoft\WindowsApps;;.
2019-07-30 14:34:46,583 [myid:] - INFO  [main:Environment@100] - Client environment:java.io.tmpdir=C:\Users\Gustavo Pavani\AppData\Local\Temp\
2019-07-30 14:34:46,583 [myid:] - INFO  [main:Environment@100] - Client environment:java.compiler=<NA>
2019-07-30 14:34:46,584 [myid:] - INFO  [main:Environment@100] - Client environment:os.name=Windows 10
2019-07-30 14:34:46,584 [myid:] - INFO  [main:Environment@100] - Client environment:os.arch=amd64
2019-07-30 14:34:46,585 [myid:] - INFO  [main:Environment@100] - Client environment:os.version=10.0
2019-07-30 14:34:46,585 [myid:] - INFO  [main:Environment@100] - Client environment:user.name=Gustavo Pavani
2019-07-30 14:34:46,585 [myid:] - INFO  [main:Environment@100] - Client environment:user.home=C:\Users\Gustavo Pavani
2019-07-30 14:34:46,586 [myid:] - INFO  [main:Environment@100] - Client environment:user.dir=C:\Users\Gustavo Pavani\Documents\Ensino\MCTA025\2Q19\Lab4\Codigos
2019-07-30 14:34:46,587 [myid:] - INFO  [main:ZooKeeper@442] - Initiating client connection, connectString=localhost sessionTimeout=3000 watcher=SyncPrimitive$Queue@5910e440
2019-07-30 14:34:46,591 [myid:] - DEBUG [main:ClientCnxn@118] - zookeeper.disableAutoWatchReset is false
2019-07-30 14:34:46,729 [myid:] - DEBUG [main-SendThread(localhost:2181):SaslServerPrincipal@74] - Canonicalized address to localhost
2019-07-30 14:34:46,730 [myid:] - INFO  [main-SendThread(localhost:2181):ClientCnxn$SendThread@1025] - Opening socket connection to server localhost/0:0:0:0:0:0:0:1:2181. Will not attempt to authenticate using SASL (unknown error)
2019-07-30 14:34:46,732 [myid:] - INFO  [main-SendThread(localhost:2181):ClientCnxn$SendThread@879] - Socket connection established to localhost/0:0:0:0:0:0:0:1:2181, initiating session
2019-07-30 14:34:46,733 [myid:] - DEBUG [main-SendThread(localhost:2181):ClientCnxn$SendThread@952] - Session establishment request sent on localhost/0:0:0:0:0:0:0:1:2181
2019-07-30 14:34:46,758 [myid:] - INFO  [main-SendThread(localhost:2181):ClientCnxn$SendThread@1299] - Session establishment complete on server localhost/0:0:0:0:0:0:0:1:2181, sessionid = 0x100424339cd000c, negotiated timeout = 4000
2019-07-30 14:34:46,763 [myid:] - DEBUG [main-SendThread(localhost:2181):ClientCnxn$SendThread@846] - Reading reply sessionid:0x100424339cd000c, packet:: clientPath:null serverPath:null finished:false header:: 1,3  replyHeader:: 1,49,0  request:: '/app3,F  response:: s{48,48,1564508082547,1564508082547,0,0,0,0,0,0,48} 
2019-07-30 14:34:46,782 [myid:] - DEBUG [main-SendThread(localhost:2181):ClientCnxn$SendThread@769] - Got notification sessionid:0x100424339cd000b
2019-07-30 14:34:46,782 [myid:] - DEBUG [main-SendThread(localhost:2181):ClientCnxn$SendThread@846] - Reading reply sessionid:0x100424339cd000c, packet:: clientPath:null serverPath:null finished:false header:: 2,1  replyHeader:: 2,50,0  request:: '/app3/element,#000a,v{s{31,s{'world,'anyone}}},2  response:: '/app3/element0000000000 
2019-07-30 14:34:46,783 [myid:] - DEBUG [main-SendThread(localhost:2181):ClientCnxn$SendThread@791] - Got WatchedEvent state:SyncConnected type:NodeChildrenChanged path:/app3 for sessionid 0x100424339cd000b
2019-07-30 14:34:46,799 [myid:] - DEBUG [main-SendThread(localhost:2181):ClientCnxn$SendThread@846] - Reading reply sessionid:0x100424339cd000c, packet:: clientPath:null serverPath:null finished:false header:: 3,1  replyHeader:: 3,51,0  request:: '/app3/element,#000b,v{s{31,s{'world,'anyone}}},2  response:: '/app3/element0000000001 
2019-07-30 14:34:46,799 [myid:] - DEBUG [main-SendThread(localhost:2181):ClientCnxn$SendThread@846] - Reading reply sessionid:0x100424339cd000b, packet:: clientPath:null serverPath:null finished:false header:: 4,8  replyHeader:: 4,51,0  request:: '/app3,T  response:: v{'element0000000000,'element0000000001} 
2019-07-30 14:34:46,804 [myid:] - DEBUG [main-SendThread(localhost:2181):ClientCnxn$SendThread@846] - Reading reply sessionid:0x100424339cd000b, packet:: clientPath:null serverPath:null finished:false header:: 5,4  replyHeader:: 5,51,0  request:: '/app3/element0000000000,F  response:: #000a,s{50,50,1564508086767,1564508086767,0,0,0,0,4,0,50} 
2019-07-30 14:34:46,824 [myid:] - DEBUG [main-SendThread(localhost:2181):ClientCnxn$SendThread@769] - Got notification sessionid:0x100424339cd000b
2019-07-30 14:34:46,824 [myid:] - DEBUG [main-SendThread(localhost:2181):ClientCnxn$SendThread@791] - Got WatchedEvent state:SyncConnected type:NodeChildrenChanged path:/app3 for sessionid 0x100424339cd000b
2019-07-30 14:34:46,824 [myid:] - DEBUG [main-SendThread(localhost:2181):ClientCnxn$SendThread@846] - Reading reply sessionid:0x100424339cd000b, packet:: clientPath:null serverPath:null finished:false header:: 6,2  replyHeader:: 6,52,0  request:: '/app3/element0000000000,0  response:: null
2019-07-30 14:34:46,826 [myid:] - DEBUG [main-SendThread(localhost:2181):ClientCnxn$SendThread@846] - Reading reply sessionid:0x100424339cd000b, packet:: clientPath:null serverPath:null finished:false header:: 7,8  replyHeader:: 7,52,0  request:: '/app3,T  response:: v{'element0000000001} 
2019-07-30 14:34:46,828 [myid:] - DEBUG [main-SendThread(localhost:2181):ClientCnxn$SendThread@846] - Reading reply sessionid:0x100424339cd000b, packet:: clientPath:null serverPath:null finished:false header:: 8,4  replyHeader:: 8,52,0  request:: '/app3/element0000000001,F  response:: #000b,s{51,51,1564508086783,1564508086783,0,0,0,0,4,0,51} 
2019-07-30 14:34:46,839 [myid:] - DEBUG [main-SendThread(localhost:2181):ClientCnxn$SendThread@769] - Got notification sessionid:0x100424339cd000b
2019-07-30 14:34:46,839 [myid:] - DEBUG [main-SendThread(localhost:2181):ClientCnxn$SendThread@791] - Got WatchedEvent state:SyncConnected type:NodeChildrenChanged path:/app3 for sessionid 0x100424339cd000b
2019-07-30 14:34:46,840 [myid:] - DEBUG [main-SendThread(localhost:2181):ClientCnxn$SendThread@846] - Reading reply sessionid:0x100424339cd000b, packet:: clientPath:null serverPath:null finished:false header:: 9,2  replyHeader:: 9,53,0  request:: '/app3/element0000000001,0  response:: null
