2019-08-06 09:34:32,901 [myid:] - INFO  [main:Environment@100] - Client environment:zookeeper.version=3.4.14-4c25d480e66aadd371de8bd2fd8da255ac140bcf, built on 03/06/2019 16:18 GMT
2019-08-06 09:34:32,904 [myid:] - INFO  [main:Environment@100] - Client environment:host.name=172.17.41.27
2019-08-06 09:34:32,904 [myid:] - INFO  [main:Environment@100] - Client environment:java.version=1.8.0_211
2019-08-06 09:34:32,906 [myid:] - INFO  [main:Environment@100] - Client environment:java.vendor=Oracle Corporation
2019-08-06 09:34:32,906 [myid:] - INFO  [main:Environment@100] - Client environment:java.home=C:\Program Files\Java\jre1.8.0_211
2019-08-06 09:34:32,906 [myid:] - INFO  [main:Environment@100] - Client environment:java.class.path=.;C:\temp\zookeeper-3.4.14\zookeeper-3.4.14.jar;C:\temp\zookeeper-3.4.14\lib\slf4j-log4j12-1.7.25.jar;C:\temp\zookeeper-3.4.14\lib\slf4j-api-1.7.25.jar;C:\temp\zookeeper-3.4.14\lib\log4j-1.2.17.jar
2019-08-06 09:34:32,907 [myid:] - INFO  [main:Environment@100] - Client environment:java.library.path=C:\Program Files (x86)\Common Files\Oracle\Java\javapath;C:\WINDOWS\Sun\Java\bin;C:\WINDOWS\system32;C:\WINDOWS;C:\Program Files (x86)\Common Files\Oracle\Java\javapath;C:\ProgramData\Oracle\Java\javapath;C:\Program Files (x86)\Intel\Intel(R) Management Engine Components\iCLS\;C:\Program Files\Intel\Intel(R) Management Engine Components\iCLS\;C:\WINDOWS\system32;C:\WINDOWS;C:\WINDOWS\System32\Wbem;C:\WINDOWS\System32\WindowsPowerShell\v1.0\;C:\Program Files (x86)\Intel\Intel(R) Management Engine Components\DAL;C:\Program Files\Intel\Intel(R) Management Engine Components\DAL;C:\Program Files (x86)\Intel\Intel(R) Management Engine Components\IPT;C:\Program Files\Intel\Intel(R) Management Engine Components\IPT;C:\Program Files\MiKTeX 2.9\miktex\bin\x64\;C:\Program Files\PuTTY\;C:\WINDOWS\System32\OpenSSH\;C:\Program Files\Java\jdk1.8.0_161\bin;C:\cygwin64\bin;;C:\Program Files (x86)\PDFtk\bin\;"C:\Users\Gustavo Pavani\AppData\Local\Microsoft\WindowsApps;C:\Program Files\Java\jdk1.8.0_161\bin;c:\cygwin64\bin";C:\Program Files (x86)\Nmap;C:\Users\Gustavo Pavani\AppData\Local\Microsoft\WindowsApps;;.
2019-08-06 09:34:32,908 [myid:] - INFO  [main:Environment@100] - Client environment:java.io.tmpdir=C:\Users\Gustavo Pavani\AppData\Local\Temp\
2019-08-06 09:34:32,908 [myid:] - INFO  [main:Environment@100] - Client environment:java.compiler=<NA>
2019-08-06 09:34:32,909 [myid:] - INFO  [main:Environment@100] - Client environment:os.name=Windows 10
2019-08-06 09:34:32,910 [myid:] - INFO  [main:Environment@100] - Client environment:os.arch=amd64
2019-08-06 09:34:32,910 [myid:] - INFO  [main:Environment@100] - Client environment:os.version=10.0
2019-08-06 09:34:32,911 [myid:] - INFO  [main:Environment@100] - Client environment:user.name=Gustavo Pavani
2019-08-06 09:34:32,912 [myid:] - INFO  [main:Environment@100] - Client environment:user.home=C:\Users\Gustavo Pavani
2019-08-06 09:34:32,912 [myid:] - INFO  [main:Environment@100] - Client environment:user.dir=C:\Users\Gustavo Pavani\Documents\Ensino\MCTA025\2Q19\Lab5\Codigos
2019-08-06 09:34:32,913 [myid:] - INFO  [main:ZooKeeper@442] - Initiating client connection, connectString=localhost sessionTimeout=3000 watcher=SyncPrimitive$Leader@6267c3bb
2019-08-06 09:34:32,917 [myid:] - DEBUG [main:ClientCnxn@118] - zookeeper.disableAutoWatchReset is false
2019-08-06 09:34:33,351 [myid:] - DEBUG [main-SendThread(localhost:2181):SaslServerPrincipal@74] - Canonicalized address to localhost
2019-08-06 09:34:33,352 [myid:] - INFO  [main-SendThread(localhost:2181):ClientCnxn$SendThread@1025] - Opening socket connection to server localhost/127.0.0.1:2181. Will not attempt to authenticate using SASL (unknown error)
2019-08-06 09:34:33,354 [myid:] - INFO  [main-SendThread(localhost:2181):ClientCnxn$SendThread@879] - Socket connection established to localhost/127.0.0.1:2181, initiating session
2019-08-06 09:34:33,355 [myid:] - DEBUG [main-SendThread(localhost:2181):ClientCnxn$SendThread@952] - Session establishment request sent on localhost/127.0.0.1:2181
2019-08-06 09:34:33,457 [myid:] - INFO  [main-SendThread(localhost:2181):ClientCnxn$SendThread@1299] - Session establishment complete on server localhost/127.0.0.1:2181, sessionid = 0x100052242490000, negotiated timeout = 4000
2019-08-06 09:34:33,477 [myid:] - DEBUG [main-SendThread(localhost:2181):ClientCnxn$SendThread@846] - Reading reply sessionid:0x100052242490000, packet:: clientPath:null serverPath:null finished:false header:: 1,3  replyHeader:: 1,56,-101  request:: '/election,F  response::  
2019-08-06 09:34:33,510 [myid:] - DEBUG [main-SendThread(localhost:2181):ClientCnxn$SendThread@846] - Reading reply sessionid:0x100052242490000, packet:: clientPath:null serverPath:null finished:false header:: 2,1  replyHeader:: 2,57,0  request:: '/election,,v{s{31,s{'world,'anyone}}},0  response:: '/election 
2019-08-06 09:34:33,511 [myid:] - DEBUG [main-SendThread(localhost:2181):ClientCnxn$SendThread@846] - Reading reply sessionid:0x100052242490000, packet:: clientPath:null serverPath:null finished:false header:: 3,3  replyHeader:: 3,57,-101  request:: '/leader,F  response::  
2019-08-06 09:34:33,531 [myid:] - DEBUG [main-SendThread(localhost:2181):ClientCnxn$SendThread@846] - Reading reply sessionid:0x100052242490000, packet:: clientPath:null serverPath:null finished:false header:: 4,1  replyHeader:: 4,58,0  request:: '/election/n-,,v{s{31,s{'world,'anyone}}},3  response:: '/election/n-0000000000 
2019-08-06 09:34:33,539 [myid:] - DEBUG [main-SendThread(localhost:2181):ClientCnxn$SendThread@846] - Reading reply sessionid:0x100052242490000, packet:: clientPath:null serverPath:null finished:false header:: 5,8  replyHeader:: 5,58,0  request:: '/election,F  response:: v{'n-0000000000} 
2019-08-06 09:34:33,542 [myid:] - DEBUG [main-SendThread(localhost:2181):ClientCnxn$SendThread@846] - Reading reply sessionid:0x100052242490000, packet:: clientPath:null serverPath:null finished:false header:: 6,3  replyHeader:: 6,58,-101  request:: '/leader,F  response::  
2019-08-06 09:34:33,562 [myid:] - DEBUG [main-SendThread(localhost:2181):ClientCnxn$SendThread@846] - Reading reply sessionid:0x100052242490000, packet:: clientPath:null serverPath:null finished:false header:: 7,1  replyHeader:: 7,59,0  request:: '/leader,#363830343738,v{s{31,s{'world,'anyone}}},1  response:: '/leader 
2019-08-06 09:34:34,877 [myid:] - DEBUG [main-SendThread(localhost:2181):ClientCnxn$SendThread@745] - Got ping response for sessionid: 0x100052242490000 after 2ms
2019-08-06 09:34:36,211 [myid:] - DEBUG [main-SendThread(localhost:2181):ClientCnxn$SendThread@745] - Got ping response for sessionid: 0x100052242490000 after 0ms
2019-08-06 09:34:37,544 [myid:] - DEBUG [main-SendThread(localhost:2181):ClientCnxn$SendThread@745] - Got ping response for sessionid: 0x100052242490000 after 0ms
2019-08-06 09:34:38,767 [myid:] - INFO  [main:Environment@100] - Client environment:zookeeper.version=3.4.14-4c25d480e66aadd371de8bd2fd8da255ac140bcf, built on 03/06/2019 16:18 GMT
2019-08-06 09:34:38,769 [myid:] - INFO  [main:Environment@100] - Client environment:host.name=172.17.41.27
2019-08-06 09:34:38,770 [myid:] - INFO  [main:Environment@100] - Client environment:java.version=1.8.0_211
2019-08-06 09:34:38,772 [myid:] - INFO  [main:Environment@100] - Client environment:java.vendor=Oracle Corporation
2019-08-06 09:34:38,772 [myid:] - INFO  [main:Environment@100] - Client environment:java.home=C:\Program Files\Java\jre1.8.0_211
2019-08-06 09:34:38,772 [myid:] - INFO  [main:Environment@100] - Client environment:java.class.path=.;C:\temp\zookeeper-3.4.14\zookeeper-3.4.14.jar;C:\temp\zookeeper-3.4.14\lib\slf4j-log4j12-1.7.25.jar;C:\temp\zookeeper-3.4.14\lib\slf4j-api-1.7.25.jar;C:\temp\zookeeper-3.4.14\lib\log4j-1.2.17.jar
2019-08-06 09:34:38,772 [myid:] - INFO  [main:Environment@100] - Client environment:java.library.path=C:\Program Files (x86)\Common Files\Oracle\Java\javapath;C:\WINDOWS\Sun\Java\bin;C:\WINDOWS\system32;C:\WINDOWS;C:\Program Files (x86)\Common Files\Oracle\Java\javapath;C:\ProgramData\Oracle\Java\javapath;C:\Program Files (x86)\Intel\Intel(R) Management Engine Components\iCLS\;C:\Program Files\Intel\Intel(R) Management Engine Components\iCLS\;C:\WINDOWS\system32;C:\WINDOWS;C:\WINDOWS\System32\Wbem;C:\WINDOWS\System32\WindowsPowerShell\v1.0\;C:\Program Files (x86)\Intel\Intel(R) Management Engine Components\DAL;C:\Program Files\Intel\Intel(R) Management Engine Components\DAL;C:\Program Files (x86)\Intel\Intel(R) Management Engine Components\IPT;C:\Program Files\Intel\Intel(R) Management Engine Components\IPT;C:\Program Files\MiKTeX 2.9\miktex\bin\x64\;C:\Program Files\PuTTY\;C:\WINDOWS\System32\OpenSSH\;C:\Program Files\Java\jdk1.8.0_161\bin;C:\cygwin64\bin;;C:\Program Files (x86)\PDFtk\bin\;"C:\Users\Gustavo Pavani\AppData\Local\Microsoft\WindowsApps;C:\Program Files\Java\jdk1.8.0_161\bin;c:\cygwin64\bin";C:\Program Files (x86)\Nmap;C:\Users\Gustavo Pavani\AppData\Local\Microsoft\WindowsApps;;.
2019-08-06 09:34:38,773 [myid:] - INFO  [main:Environment@100] - Client environment:java.io.tmpdir=C:\Users\Gustavo Pavani\AppData\Local\Temp\
2019-08-06 09:34:38,774 [myid:] - INFO  [main:Environment@100] - Client environment:java.compiler=<NA>
2019-08-06 09:34:38,774 [myid:] - INFO  [main:Environment@100] - Client environment:os.name=Windows 10
2019-08-06 09:34:38,775 [myid:] - INFO  [main:Environment@100] - Client environment:os.arch=amd64
2019-08-06 09:34:38,775 [myid:] - INFO  [main:Environment@100] - Client environment:os.version=10.0
2019-08-06 09:34:38,776 [myid:] - INFO  [main:Environment@100] - Client environment:user.name=Gustavo Pavani
2019-08-06 09:34:38,776 [myid:] - INFO  [main:Environment@100] - Client environment:user.home=C:\Users\Gustavo Pavani
2019-08-06 09:34:38,776 [myid:] - INFO  [main:Environment@100] - Client environment:user.dir=C:\Users\Gustavo Pavani\Documents\Ensino\MCTA025\2Q19\Lab5\Codigos
2019-08-06 09:34:38,777 [myid:] - INFO  [main:ZooKeeper@442] - Initiating client connection, connectString=localhost sessionTimeout=3000 watcher=SyncPrimitive$Leader@6267c3bb
2019-08-06 09:34:38,781 [myid:] - DEBUG [main:ClientCnxn@118] - zookeeper.disableAutoWatchReset is false
2019-08-06 09:34:38,877 [myid:] - DEBUG [main-SendThread(localhost:2181):ClientCnxn$SendThread@745] - Got ping response for sessionid: 0x100052242490000 after 0ms
2019-08-06 09:34:38,912 [myid:] - DEBUG [main-SendThread(localhost:2181):SaslServerPrincipal@74] - Canonicalized address to localhost
2019-08-06 09:34:38,913 [myid:] - INFO  [main-SendThread(localhost:2181):ClientCnxn$SendThread@1025] - Opening socket connection to server localhost/0:0:0:0:0:0:0:1:2181. Will not attempt to authenticate using SASL (unknown error)
2019-08-06 09:34:38,914 [myid:] - INFO  [main-SendThread(localhost:2181):ClientCnxn$SendThread@879] - Socket connection established to localhost/0:0:0:0:0:0:0:1:2181, initiating session
2019-08-06 09:34:38,916 [myid:] - DEBUG [main-SendThread(localhost:2181):ClientCnxn$SendThread@952] - Session establishment request sent on localhost/0:0:0:0:0:0:0:1:2181
2019-08-06 09:34:38,945 [myid:] - INFO  [main-SendThread(localhost:2181):ClientCnxn$SendThread@1299] - Session establishment complete on server localhost/0:0:0:0:0:0:0:1:2181, sessionid = 0x100052242490001, negotiated timeout = 4000
2019-08-06 09:34:38,951 [myid:] - DEBUG [main-SendThread(localhost:2181):ClientCnxn$SendThread@846] - Reading reply sessionid:0x100052242490001, packet:: clientPath:null serverPath:null finished:false header:: 1,3  replyHeader:: 1,60,0  request:: '/election,F  response:: s{57,57,1565094873484,1565094873484,0,1,0,0,0,1,58} 
2019-08-06 09:34:38,952 [myid:] - DEBUG [main-SendThread(localhost:2181):ClientCnxn$SendThread@846] - Reading reply sessionid:0x100052242490001, packet:: clientPath:null serverPath:null finished:false header:: 2,3  replyHeader:: 2,60,0  request:: '/leader,F  response:: s{59,59,1565094873542,1565094873542,0,0,0,72063238737035264,6,0,59} 
2019-08-06 09:34:38,956 [myid:] - DEBUG [main-SendThread(localhost:2181):ClientCnxn$SendThread@846] - Reading reply sessionid:0x100052242490001, packet:: clientPath:null serverPath:null finished:false header:: 3,4  replyHeader:: 3,60,0  request:: '/leader,F  response:: #363830343738,s{59,59,1565094873542,1565094873542,0,0,0,72063238737035264,6,0,59} 
2019-08-06 09:34:38,983 [myid:] - DEBUG [main-SendThread(localhost:2181):ClientCnxn$SendThread@846] - Reading reply sessionid:0x100052242490001, packet:: clientPath:null serverPath:null finished:false header:: 4,1  replyHeader:: 4,61,0  request:: '/election/n-,,v{s{31,s{'world,'anyone}}},3  response:: '/election/n-0000000001 
2019-08-06 09:34:38,988 [myid:] - DEBUG [main-SendThread(localhost:2181):ClientCnxn$SendThread@846] - Reading reply sessionid:0x100052242490001, packet:: clientPath:null serverPath:null finished:false header:: 5,8  replyHeader:: 5,61,0  request:: '/election,F  response:: v{'n-0000000001,'n-0000000000} 
2019-08-06 09:34:38,992 [myid:] - DEBUG [main-SendThread(localhost:2181):ClientCnxn$SendThread@846] - Reading reply sessionid:0x100052242490001, packet:: clientPath:null serverPath:null finished:false header:: 6,3  replyHeader:: 6,61,0  request:: '/election/n-0000000000,T  response:: s{58,58,1565094873512,1565094873512,0,0,0,72063238737035264,0,0,58} 
2019-08-06 09:34:40,210 [myid:] - DEBUG [main-SendThread(localhost:2181):ClientCnxn$SendThread@745] - Got ping response for sessionid: 0x100052242490000 after 0ms
2019-08-06 09:34:40,325 [myid:] - DEBUG [main-SendThread(localhost:2181):ClientCnxn$SendThread@745] - Got ping response for sessionid: 0x100052242490001 after 0ms
2019-08-06 09:34:41,543 [myid:] - DEBUG [main-SendThread(localhost:2181):ClientCnxn$SendThread@745] - Got ping response for sessionid: 0x100052242490000 after 0ms
2019-08-06 09:34:41,659 [myid:] - DEBUG [main-SendThread(localhost:2181):ClientCnxn$SendThread@745] - Got ping response for sessionid: 0x100052242490001 after 0ms
2019-08-06 09:34:42,877 [myid:] - DEBUG [main-SendThread(localhost:2181):ClientCnxn$SendThread@745] - Got ping response for sessionid: 0x100052242490000 after 0ms
2019-08-06 09:34:42,992 [myid:] - DEBUG [main-SendThread(localhost:2181):ClientCnxn$SendThread@745] - Got ping response for sessionid: 0x100052242490001 after 0ms
2019-08-06 09:34:44,325 [myid:] - DEBUG [main-SendThread(localhost:2181):ClientCnxn$SendThread@745] - Got ping response for sessionid: 0x100052242490001 after 0ms
2019-08-06 09:34:45,658 [myid:] - DEBUG [main-SendThread(localhost:2181):ClientCnxn$SendThread@745] - Got ping response for sessionid: 0x100052242490001 after 0ms
2019-08-06 09:34:46,991 [myid:] - DEBUG [main-SendThread(localhost:2181):ClientCnxn$SendThread@745] - Got ping response for sessionid: 0x100052242490001 after 0ms
2019-08-06 09:34:48,192 [myid:] - DEBUG [main-SendThread(localhost:2181):ClientCnxn$SendThread@769] - Got notification sessionid:0x100052242490001
2019-08-06 09:34:48,193 [myid:] - DEBUG [main-SendThread(localhost:2181):ClientCnxn$SendThread@791] - Got WatchedEvent state:SyncConnected type:NodeDeleted path:/election/n-0000000000 for sessionid 0x100052242490001
2019-08-06 09:34:48,194 [myid:] - DEBUG [main-SendThread(localhost:2181):ClientCnxn$SendThread@745] - Got ping response for sessionid: 0x100052242490001 after 1ms
2019-08-06 09:34:48,194 [myid:] - DEBUG [main-SendThread(localhost:2181):ClientCnxn$SendThread@846] - Reading reply sessionid:0x100052242490001, packet:: clientPath:null serverPath:null finished:false header:: 7,8  replyHeader:: 7,62,0  request:: '/election,F  response:: v{'n-0000000001} 
2019-08-06 09:34:48,197 [myid:] - DEBUG [main-SendThread(localhost:2181):ClientCnxn$SendThread@846] - Reading reply sessionid:0x100052242490001, packet:: clientPath:null serverPath:null finished:false header:: 8,3  replyHeader:: 8,62,-101  request:: '/leader,F  response::  
2019-08-06 09:34:48,222 [myid:] - DEBUG [main-SendThread(localhost:2181):ClientCnxn$SendThread@846] - Reading reply sessionid:0x100052242490001, packet:: clientPath:null serverPath:null finished:false header:: 9,1  replyHeader:: 9,63,0  request:: '/leader,#363236333632,v{s{31,s{'world,'anyone}}},1  response:: '/leader 
2019-08-06 09:34:49,534 [myid:] - DEBUG [main-SendThread(localhost:2181):ClientCnxn$SendThread@745] - Got ping response for sessionid: 0x100052242490001 after 0ms
2019-08-06 09:34:50,867 [myid:] - DEBUG [main-SendThread(localhost:2181):ClientCnxn$SendThread@745] - Got ping response for sessionid: 0x100052242490001 after 0ms
2019-08-06 09:34:52,201 [myid:] - DEBUG [main-SendThread(localhost:2181):ClientCnxn$SendThread@745] - Got ping response for sessionid: 0x100052242490001 after 0ms
2019-08-06 09:34:53,534 [myid:] - DEBUG [main-SendThread(localhost:2181):ClientCnxn$SendThread@745] - Got ping response for sessionid: 0x100052242490001 after 0ms
